TpTrace Verbose: 0 : 13720, 1, 2023/12/16, 15:54:44.304, 221682769114, vstest.console.dll, Version: 17.6.0-release-20230405-08 Current process architecture: X64
TpTrace Verbose: 0 : 13720, 1, 2023/12/16, 15:54:44.306, 221682788324, vstest.console.dll, Runtime location: C:\Program Files\dotnet\shared\Microsoft.NETCore.App\7.0.7
TpTrace Verbose: 0 : 13720, 1, 2023/12/16, 15:54:44.309, 221682822801, vstest.console.dll, ArtifactProcessingPostProcessModeProcessorExecutor.Initialize: ArtifactProcessingMode.Collect
TpTrace Verbose: 0 : 13720, 1, 2023/12/16, 15:54:44.309, 221682824785, vstest.console.dll, TestSessionCorrelationIdProcessorModeProcessorExecutor.Initialize: TestSessionCorrelationId '828_a6ae03af-aaee-4a0c-ad95-0a739b0e57ac'
TpTrace Information: 0 : 13720, 1, 2023/12/16, 15:54:44.319, 221682926814, vstest.console.dll, FilePatternParser: The given file D:\Documents\GitHub\MovieMood\review_handler\review_handler.Integration.Test\bin\Debug\net7.0\fine-code-coverage\build-output\review_handler.Integration.Tests.dll is a full path.
TpTrace Verbose: 0 : 13720, 1, 2023/12/16, 15:54:44.327, 221683004079, vstest.console.dll, TestPluginCache.DiscoverTestExtensions: finding test extensions in assemblies ends with: RuntimeProvider.dll TPluginInfo: Microsoft.VisualStudio.TestPlatform.Common.ExtensionFramework.Utilities.TestRuntimePluginInformation TExtension: Microsoft.VisualStudio.TestPlatform.ObjectModel.Host.ITestRuntimeProvider
TpTrace Verbose: 0 : 13720, 1, 2023/12/16, 15:54:44.328, 221683009364, vstest.console.dll, TestPluginCache.GetExtensionPaths: Filtered extension paths: 
TpTrace Verbose: 0 : 13720, 1, 2023/12/16, 15:54:44.328, 221683010447, vstest.console.dll, TestPluginCache.GetExtensionPaths: Added default extension paths: C:\Program Files\dotnet\sdk\7.0.304\Extensions\Microsoft.Diagnostics.NETCore.Client.dll
C:\Program Files\dotnet\sdk\7.0.304\Extensions\Microsoft.TestPlatform.Extensions.BlameDataCollector.dll
C:\Program Files\dotnet\sdk\7.0.304\Extensions\Microsoft.TestPlatform.Extensions.EventLogCollector.dll
C:\Program Files\dotnet\sdk\7.0.304\Extensions\Microsoft.TestPlatform.TestHostRuntimeProvider.dll
C:\Program Files\dotnet\sdk\7.0.304\Extensions\Microsoft.VisualStudio.TestPlatform.Extensions.Html.TestLogger.dll
C:\Program Files\dotnet\sdk\7.0.304\Extensions\Microsoft.VisualStudio.TestPlatform.Extensions.Trx.TestLogger.dll
TpTrace Verbose: 0 : 13720, 1, 2023/12/16, 15:54:44.328, 221683011225, vstest.console.dll, TestPluginCache.GetExtensionPaths: Added unfilterableExtensionPaths: 
TpTrace Information: 0 : 13720, 1, 2023/12/16, 15:54:44.329, 221683019424, vstest.console.dll, AssemblyResolver.ctor: Creating AssemblyResolver with searchDirectories C:\Program Files\dotnet\sdk\7.0.304\Extensions,C:\Program Files\dotnet\sdk\7.0.304
TpTrace Verbose: 0 : 13720, 1, 2023/12/16, 15:54:44.330, 221683031250, vstest.console.dll, TestPluginCache.DiscoverTestExtensions: Discovering the extensions using extension path.
TpTrace Verbose: 0 : 13720, 1, 2023/12/16, 15:54:44.330, 221683032487, vstest.console.dll, TestPluginCache.GetExtensionPaths: Filtered extension paths: 
TpTrace Verbose: 0 : 13720, 1, 2023/12/16, 15:54:44.330, 221683032993, vstest.console.dll, TestPluginCache.GetExtensionPaths: Added default extension paths: C:\Program Files\dotnet\sdk\7.0.304\Extensions\Microsoft.Diagnostics.NETCore.Client.dll
C:\Program Files\dotnet\sdk\7.0.304\Extensions\Microsoft.TestPlatform.Extensions.BlameDataCollector.dll
C:\Program Files\dotnet\sdk\7.0.304\Extensions\Microsoft.TestPlatform.Extensions.EventLogCollector.dll
C:\Program Files\dotnet\sdk\7.0.304\Extensions\Microsoft.TestPlatform.TestHostRuntimeProvider.dll
C:\Program Files\dotnet\sdk\7.0.304\Extensions\Microsoft.VisualStudio.TestPlatform.Extensions.Html.TestLogger.dll
C:\Program Files\dotnet\sdk\7.0.304\Extensions\Microsoft.VisualStudio.TestPlatform.Extensions.Trx.TestLogger.dll
TpTrace Verbose: 0 : 13720, 1, 2023/12/16, 15:54:44.330, 221683033329, vstest.console.dll, TestPluginCache.GetExtensionPaths: Added unfilterableExtensionPaths: 
TpTrace Verbose: 0 : 13720, 1, 2023/12/16, 15:54:44.330, 221683034352, vstest.console.dll, TestPluginCache.DiscoverTestExtensions: Discovering the extensions using allExtensionPaths: C:\Program Files\dotnet\sdk\7.0.304\Extensions\Microsoft.Diagnostics.NETCore.Client.dll
C:\Program Files\dotnet\sdk\7.0.304\Extensions\Microsoft.TestPlatform.Extensions.BlameDataCollector.dll
C:\Program Files\dotnet\sdk\7.0.304\Extensions\Microsoft.TestPlatform.Extensions.EventLogCollector.dll
C:\Program Files\dotnet\sdk\7.0.304\Extensions\Microsoft.TestPlatform.TestHostRuntimeProvider.dll
C:\Program Files\dotnet\sdk\7.0.304\Extensions\Microsoft.VisualStudio.TestPlatform.Extensions.Html.TestLogger.dll
C:\Program Files\dotnet\sdk\7.0.304\Extensions\Microsoft.VisualStudio.TestPlatform.Extensions.Trx.TestLogger.dll
TpTrace Information: 0 : 13720, 1, 2023/12/16, 15:54:44.330, 221683036022, vstest.console.dll, AssemblyResolver.AddSearchDirectories: Adding more searchDirectories C:\Program Files\dotnet\sdk\7.0.304\Extensions,C:\Program Files\dotnet\sdk\7.0.304
TpTrace Information: 0 : 13720, 1, 2023/12/16, 15:54:44.330, 221683036896, vstest.console.dll, AssemblyResolver.AddSearchDirectories: Adding more searchDirectories C:\Program Files\dotnet\sdk\7.0.304\Extensions,C:\Program Files\dotnet\sdk\7.0.304
TpTrace Information: 0 : 13720, 1, 2023/12/16, 15:54:44.330, 221683037325, vstest.console.dll, AssemblyResolver.AddSearchDirectories: Adding more searchDirectories C:\Program Files\dotnet\sdk\7.0.304\Extensions,C:\Program Files\dotnet\sdk\7.0.304
TpTrace Information: 0 : 13720, 1, 2023/12/16, 15:54:44.330, 221683037657, vstest.console.dll, AssemblyResolver.AddSearchDirectories: Adding more searchDirectories C:\Program Files\dotnet\sdk\7.0.304\Extensions,C:\Program Files\dotnet\sdk\7.0.304
TpTrace Information: 0 : 13720, 1, 2023/12/16, 15:54:44.330, 221683038026, vstest.console.dll, AssemblyResolver.AddSearchDirectories: Adding more searchDirectories C:\Program Files\dotnet\sdk\7.0.304\Extensions,C:\Program Files\dotnet\sdk\7.0.304
TpTrace Information: 0 : 13720, 1, 2023/12/16, 15:54:44.331, 221683038353, vstest.console.dll, AssemblyResolver.AddSearchDirectories: Adding more searchDirectories C:\Program Files\dotnet\sdk\7.0.304\Extensions,C:\Program Files\dotnet\sdk\7.0.304
TpTrace Information: 0 : 13720, 1, 2023/12/16, 15:54:44.331, 221683042649, vstest.console.dll, AssemblyResolver.OnResolve: Microsoft.Diagnostics.NETCore.Client: Resolving assembly.
TpTrace Information: 0 : 13720, 1, 2023/12/16, 15:54:44.331, 221683043498, vstest.console.dll, AssemblyResolver.OnResolve: Microsoft.Diagnostics.NETCore.Client: Searching in: 'C:\Program Files\dotnet\sdk\7.0.304\Extensions'.
TpTrace Information: 0 : 13720, 1, 2023/12/16, 15:54:44.339, 221683123121, vstest.console.dll, AssemblyResolver.OnResolve: Microsoft.Diagnostics.NETCore.Client: Loading assembly 'C:\Program Files\dotnet\sdk\7.0.304\Extensions\Microsoft.Diagnostics.NETCore.Client.dll'.
TpTrace Information: 0 : 13720, 1, 2023/12/16, 15:54:44.340, 221683132847, vstest.console.dll, AssemblyResolver.OnResolve: Resolved assembly: Microsoft.Diagnostics.NETCore.Client, from path: C:\Program Files\dotnet\sdk\7.0.304\Extensions\Microsoft.Diagnostics.NETCore.Client.dll
TpTrace Verbose: 0 : 13720, 1, 2023/12/16, 15:54:44.341, 221683144907, vstest.console.dll, MetadataReaderExtensionsHelper: Discovering extensions inside assembly 'Microsoft.Diagnostics.NETCore.Client, Version=0.2.6.42401, Culture=neutral, PublicKeyToken=31bf3856ad364e35' file path 'C:\Program Files\dotnet\sdk\7.0.304\Extensions\Microsoft.Diagnostics.NETCore.Client.dll'
TpTrace Information: 0 : 13720, 1, 2023/12/16, 15:54:44.346, 221683194906, vstest.console.dll, AssemblyResolver.OnResolve: Microsoft.Bcl.AsyncInterfaces: Resolving assembly.
TpTrace Information: 0 : 13720, 1, 2023/12/16, 15:54:44.346, 221683195863, vstest.console.dll, AssemblyResolver.OnResolve: Microsoft.Bcl.AsyncInterfaces: Searching in: 'C:\Program Files\dotnet\sdk\7.0.304\Extensions'.
TpTrace Information: 0 : 13720, 1, 2023/12/16, 15:54:44.346, 221683196723, vstest.console.dll, AssemblyResolver.OnResolve: Microsoft.Bcl.AsyncInterfaces: Assembly path does not exist: 'C:\Program Files\dotnet\sdk\7.0.304\Extensions\Microsoft.Bcl.AsyncInterfaces.dll', returning.
TpTrace Information: 0 : 13720, 1, 2023/12/16, 15:54:44.346, 221683197936, vstest.console.dll, AssemblyResolver.OnResolve: Microsoft.Bcl.AsyncInterfaces: Assembly path does not exist: 'C:\Program Files\dotnet\sdk\7.0.304\Extensions\Microsoft.Bcl.AsyncInterfaces.exe', returning.
TpTrace Information: 0 : 13720, 1, 2023/12/16, 15:54:44.347, 221683198362, vstest.console.dll, AssemblyResolver.OnResolve: Microsoft.Bcl.AsyncInterfaces: Searching in: 'C:\Program Files\dotnet\sdk\7.0.304'.
TpTrace Information: 0 : 13720, 1, 2023/12/16, 15:54:44.347, 221683199022, vstest.console.dll, AssemblyResolver.OnResolve: Microsoft.Bcl.AsyncInterfaces: Assembly path does not exist: 'C:\Program Files\dotnet\sdk\7.0.304\Microsoft.Bcl.AsyncInterfaces.dll', returning.
TpTrace Information: 0 : 13720, 1, 2023/12/16, 15:54:44.347, 221683199719, vstest.console.dll, AssemblyResolver.OnResolve: Microsoft.Bcl.AsyncInterfaces: Assembly path does not exist: 'C:\Program Files\dotnet\sdk\7.0.304\Microsoft.Bcl.AsyncInterfaces.exe', returning.
TpTrace Information: 0 : 13720, 1, 2023/12/16, 15:54:44.347, 221683200146, vstest.console.dll, AssemblyResolver.OnResolve: Microsoft.Bcl.AsyncInterfaces: Failed to load assembly.
TpTrace Verbose: 0 : 13720, 1, 2023/12/16, 15:54:44.347, 221683200523, vstest.console.dll, CurrentDomainAssemblyResolve: Resolving assembly 'Microsoft.Bcl.AsyncInterfaces'.
TpTrace Information: 0 : 13720, 1, 2023/12/16, 15:54:44.347, 221683201107, vstest.console.dll, AssemblyResolver.OnResolve: Microsoft.Bcl.AsyncInterfaces: Resolving assembly.
TpTrace Information: 0 : 13720, 1, 2023/12/16, 15:54:44.347, 221683201510, vstest.console.dll, AssemblyResolver.OnResolve: Microsoft.Bcl.AsyncInterfaces: Resolved from cache.
TpTrace Verbose: 0 : 13720, 1, 2023/12/16, 15:54:44.347, 221683201805, vstest.console.dll, CurrentDomainAssemblyResolve: Resolving assembly 'Microsoft.Bcl.AsyncInterfaces'.
TpTrace Verbose: 0 : 13720, 1, 2023/12/16, 15:54:44.347, 221683202169, vstest.console.dll, CurrentDomainAssemblyResolve: Failed to resolve assembly 'Microsoft.Bcl.AsyncInterfaces'.
TpTrace Verbose: 0 : 13720, 1, 2023/12/16, 15:54:44.348, 221683209259, vstest.console.dll, CurrentDomainAssemblyResolve: Failed to resolve assembly 'Microsoft.Bcl.AsyncInterfaces'.
TpTrace Warning: 0 : 13720, 1, 2023/12/16, 15:54:44.355, 221683286209, vstest.console.dll, TestPluginDiscoverer: Failed to get types from assembly 'Microsoft.Diagnostics.NETCore.Client, Version=0.2.6.42401, Culture=neutral, PublicKeyToken=31bf3856ad364e35'. Error: System.Reflection.ReflectionTypeLoadException: Unable to load one or more of the requested types.
Could not load file or assembly 'Microsoft.Bcl.AsyncInterfaces, Version=1.0.0.0, Culture=neutral, PublicKeyToken=cc7b13ffcd2ddd51'. The system cannot find the file specified.
   at System.Reflection.RuntimeModule.GetTypes(RuntimeModule module)
   at System.Reflection.Assembly.GetTypes()
   at Microsoft.VisualStudio.TestPlatform.Common.ExtensionFramework.TestPluginDiscoverer.GetTestExtensionsFromAssembly[TPluginInfo,TExtension](Assembly assembly, Dictionary`2 pluginInfos, String filePath)
System.IO.FileNotFoundException: Could not load file or assembly 'Microsoft.Bcl.AsyncInterfaces, Version=1.0.0.0, Culture=neutral, PublicKeyToken=cc7b13ffcd2ddd51'. The system cannot find the file specified.
File name: 'Microsoft.Bcl.AsyncInterfaces, Version=1.0.0.0, Culture=neutral, PublicKeyToken=cc7b13ffcd2ddd51'
 ---> System.IO.FileNotFoundException: Could not load file or assembly 'Microsoft.Bcl.AsyncInterfaces, Culture=neutral, PublicKeyToken=null'. The system cannot find the file specified.
File name: 'Microsoft.Bcl.AsyncInterfaces, Culture=neutral, PublicKeyToken=null'
   at System.Reflection.RuntimeAssembly.InternalLoad(AssemblyName assemblyName, StackCrawlMark& stackMark, AssemblyLoadContext assemblyLoadContext, RuntimeAssembly requestingAssembly, Boolean throwOnFileNotFound)
   at System.Reflection.Assembly.Load(AssemblyName assemblyRef)
   at Microsoft.VisualStudio.TestPlatform.Common.ExtensionFramework.TestPluginCache.CurrentDomainAssemblyResolve(Object sender, AssemblyResolveEventArgs args)
   at System.Runtime.Loader.AssemblyLoadContext.GetFirstResolvedAssemblyFromResolvingEvent(AssemblyName assemblyName)
   at System.Runtime.Loader.AssemblyLoadContext.ResolveUsingEvent(AssemblyName assemblyName)
   at System.Runtime.Loader.AssemblyLoadContext.ResolveUsingResolvingEvent(IntPtr gchManagedAssemblyLoadContext, AssemblyName assemblyName)
TpTrace Warning: 0 : 13720, 1, 2023/12/16, 15:54:44.356, 221683290025, vstest.console.dll, LoaderExceptions: System.IO.FileNotFoundException: Could not load file or assembly 'Microsoft.Bcl.AsyncInterfaces, Version=1.0.0.0, Culture=neutral, PublicKeyToken=cc7b13ffcd2ddd51'. The system cannot find the file specified.
File name: 'Microsoft.Bcl.AsyncInterfaces, Version=1.0.0.0, Culture=neutral, PublicKeyToken=cc7b13ffcd2ddd51'
 ---> System.IO.FileNotFoundException: Could not load file or assembly 'Microsoft.Bcl.AsyncInterfaces, Culture=neutral, PublicKeyToken=null'. The system cannot find the file specified.
File name: 'Microsoft.Bcl.AsyncInterfaces, Culture=neutral, PublicKeyToken=null'
   at System.Reflection.RuntimeAssembly.InternalLoad(AssemblyName assemblyName, StackCrawlMark& stackMark, AssemblyLoadContext assemblyLoadContext, RuntimeAssembly requestingAssembly, Boolean throwOnFileNotFound)
   at System.Reflection.Assembly.Load(AssemblyName assemblyRef)
   at Microsoft.VisualStudio.TestPlatform.Common.ExtensionFramework.TestPluginCache.CurrentDomainAssemblyResolve(Object sender, AssemblyResolveEventArgs args)
   at System.Runtime.Loader.AssemblyLoadContext.GetFirstResolvedAssemblyFromResolvingEvent(AssemblyName assemblyName)
   at System.Runtime.Loader.AssemblyLoadContext.ResolveUsingEvent(AssemblyName assemblyName)
   at System.Runtime.Loader.AssemblyLoadContext.ResolveUsingResolvingEvent(IntPtr gchManagedAssemblyLoadContext, AssemblyName assemblyName)
TpTrace Information: 0 : 13720, 1, 2023/12/16, 15:54:44.356, 221683291831, vstest.console.dll, AssemblyResolver.OnResolve: Microsoft.TestPlatform.Extensions.BlameDataCollector: Resolving assembly.
TpTrace Information: 0 : 13720, 1, 2023/12/16, 15:54:44.356, 221683292332, vstest.console.dll, AssemblyResolver.OnResolve: Microsoft.TestPlatform.Extensions.BlameDataCollector: Searching in: 'C:\Program Files\dotnet\sdk\7.0.304\Extensions'.
TpTrace Information: 0 : 13720, 1, 2023/12/16, 15:54:44.357, 221683300091, vstest.console.dll, AssemblyResolver.OnResolve: Microsoft.TestPlatform.Extensions.BlameDataCollector: Loading assembly 'C:\Program Files\dotnet\sdk\7.0.304\Extensions\Microsoft.TestPlatform.Extensions.BlameDataCollector.dll'.
TpTrace Information: 0 : 13720, 1, 2023/12/16, 15:54:44.358, 221683309328, vstest.console.dll, AssemblyResolver.OnResolve: Resolved assembly: Microsoft.TestPlatform.Extensions.BlameDataCollector, from path: C:\Program Files\dotnet\sdk\7.0.304\Extensions\Microsoft.TestPlatform.Extensions.BlameDataCollector.dll
TpTrace Verbose: 0 : 13720, 1, 2023/12/16, 15:54:44.358, 221683310428, vstest.console.dll, MetadataReaderExtensionsHelper: Discovering extensions inside assembly 'Microsoft.TestPlatform.Extensions.BlameDataCollector, Version=15.0.0.0, Culture=neutral, PublicKeyToken=b03f5f7f11d50a3a' file path 'C:\Program Files\dotnet\sdk\7.0.304\Extensions\Microsoft.TestPlatform.Extensions.BlameDataCollector.dll'
TpTrace Information: 0 : 13720, 1, 2023/12/16, 15:54:44.360, 221683336584, vstest.console.dll, AssemblyResolver.OnResolve: Microsoft.TestPlatform.Extensions.EventLogCollector: Resolving assembly.
TpTrace Information: 0 : 13720, 1, 2023/12/16, 15:54:44.360, 221683337550, vstest.console.dll, AssemblyResolver.OnResolve: Microsoft.TestPlatform.Extensions.EventLogCollector: Searching in: 'C:\Program Files\dotnet\sdk\7.0.304\Extensions'.
TpTrace Information: 0 : 13720, 1, 2023/12/16, 15:54:44.361, 221683346174, vstest.console.dll, AssemblyResolver.OnResolve: Microsoft.TestPlatform.Extensions.EventLogCollector: Loading assembly 'C:\Program Files\dotnet\sdk\7.0.304\Extensions\Microsoft.TestPlatform.Extensions.EventLogCollector.dll'.
TpTrace Information: 0 : 13720, 1, 2023/12/16, 15:54:44.362, 221683353519, vstest.console.dll, AssemblyResolver.OnResolve: Resolved assembly: Microsoft.TestPlatform.Extensions.EventLogCollector, from path: C:\Program Files\dotnet\sdk\7.0.304\Extensions\Microsoft.TestPlatform.Extensions.EventLogCollector.dll
TpTrace Verbose: 0 : 13720, 1, 2023/12/16, 15:54:44.362, 221683354500, vstest.console.dll, MetadataReaderExtensionsHelper: Discovering extensions inside assembly 'Microsoft.TestPlatform.Extensions.EventLogCollector, Version=15.0.0.0, Culture=neutral, PublicKeyToken=b03f5f7f11d50a3a' file path 'C:\Program Files\dotnet\sdk\7.0.304\Extensions\Microsoft.TestPlatform.Extensions.EventLogCollector.dll'
TpTrace Information: 0 : 13720, 1, 2023/12/16, 15:54:44.365, 221683387517, vstest.console.dll, AssemblyResolver.OnResolve: Microsoft.TestPlatform.TestHostRuntimeProvider: Resolving assembly.
TpTrace Information: 0 : 13720, 1, 2023/12/16, 15:54:44.366, 221683388457, vstest.console.dll, AssemblyResolver.OnResolve: Microsoft.TestPlatform.TestHostRuntimeProvider: Searching in: 'C:\Program Files\dotnet\sdk\7.0.304\Extensions'.
TpTrace Information: 0 : 13720, 1, 2023/12/16, 15:54:44.366, 221683395530, vstest.console.dll, AssemblyResolver.OnResolve: Microsoft.TestPlatform.TestHostRuntimeProvider: Loading assembly 'C:\Program Files\dotnet\sdk\7.0.304\Extensions\Microsoft.TestPlatform.TestHostRuntimeProvider.dll'.
TpTrace Information: 0 : 13720, 1, 2023/12/16, 15:54:44.367, 221683403488, vstest.console.dll, AssemblyResolver.OnResolve: Resolved assembly: Microsoft.TestPlatform.TestHostRuntimeProvider, from path: C:\Program Files\dotnet\sdk\7.0.304\Extensions\Microsoft.TestPlatform.TestHostRuntimeProvider.dll
TpTrace Verbose: 0 : 13720, 1, 2023/12/16, 15:54:44.367, 221683404539, vstest.console.dll, MetadataReaderExtensionsHelper: Discovering extensions inside assembly 'Microsoft.TestPlatform.TestHostRuntimeProvider, Version=15.0.0.0, Culture=neutral, PublicKeyToken=b03f5f7f11d50a3a' file path 'C:\Program Files\dotnet\sdk\7.0.304\Extensions\Microsoft.TestPlatform.TestHostRuntimeProvider.dll'
TpTrace Information: 0 : 13720, 1, 2023/12/16, 15:54:44.369, 221683428170, vstest.console.dll, GetTestExtensionFromType: Register extension with identifier data 'HostProvider://DefaultTestHost' and type 'Microsoft.VisualStudio.TestPlatform.CrossPlatEngine.Hosting.DefaultTestHostManager, Microsoft.TestPlatform.TestHostRuntimeProvider, Version=15.0.0.0, Culture=neutral, PublicKeyToken=b03f5f7f11d50a3a' inside file 'C:\Program Files\dotnet\sdk\7.0.304\Extensions\Microsoft.TestPlatform.TestHostRuntimeProvider.dll'
TpTrace Information: 0 : 13720, 1, 2023/12/16, 15:54:44.370, 221683431112, vstest.console.dll, GetTestExtensionFromType: Register extension with identifier data 'HostProvider://DotnetTestHost' and type 'Microsoft.VisualStudio.TestPlatform.CrossPlatEngine.Hosting.DotnetTestHostManager, Microsoft.TestPlatform.TestHostRuntimeProvider, Version=15.0.0.0, Culture=neutral, PublicKeyToken=b03f5f7f11d50a3a' inside file 'C:\Program Files\dotnet\sdk\7.0.304\Extensions\Microsoft.TestPlatform.TestHostRuntimeProvider.dll'
TpTrace Information: 0 : 13720, 1, 2023/12/16, 15:54:44.370, 221683432061, vstest.console.dll, AssemblyResolver.OnResolve: Microsoft.VisualStudio.TestPlatform.Extensions.Html.TestLogger: Resolving assembly.
TpTrace Information: 0 : 13720, 1, 2023/12/16, 15:54:44.370, 221683432531, vstest.console.dll, AssemblyResolver.OnResolve: Microsoft.VisualStudio.TestPlatform.Extensions.Html.TestLogger: Searching in: 'C:\Program Files\dotnet\sdk\7.0.304\Extensions'.
TpTrace Information: 0 : 13720, 1, 2023/12/16, 15:54:44.371, 221683439968, vstest.console.dll, AssemblyResolver.OnResolve: Microsoft.VisualStudio.TestPlatform.Extensions.Html.TestLogger: Loading assembly 'C:\Program Files\dotnet\sdk\7.0.304\Extensions\Microsoft.VisualStudio.TestPlatform.Extensions.Html.TestLogger.dll'.
TpTrace Information: 0 : 13720, 1, 2023/12/16, 15:54:44.372, 221683448475, vstest.console.dll, AssemblyResolver.OnResolve: Resolved assembly: Microsoft.VisualStudio.TestPlatform.Extensions.Html.TestLogger, from path: C:\Program Files\dotnet\sdk\7.0.304\Extensions\Microsoft.VisualStudio.TestPlatform.Extensions.Html.TestLogger.dll
TpTrace Verbose: 0 : 13720, 1, 2023/12/16, 15:54:44.372, 221683449764, vstest.console.dll, MetadataReaderExtensionsHelper: Discovering extensions inside assembly 'Microsoft.VisualStudio.TestPlatform.Extensions.Html.TestLogger, Version=15.0.0.0, Culture=neutral, PublicKeyToken=b03f5f7f11d50a3a' file path 'C:\Program Files\dotnet\sdk\7.0.304\Extensions\Microsoft.VisualStudio.TestPlatform.Extensions.Html.TestLogger.dll'
TpTrace Information: 0 : 13720, 1, 2023/12/16, 15:54:44.373, 221683463144, vstest.console.dll, AssemblyResolver.OnResolve: Microsoft.VisualStudio.TestPlatform.Extensions.Trx.TestLogger: Resolving assembly.
TpTrace Information: 0 : 13720, 1, 2023/12/16, 15:54:44.373, 221683464551, vstest.console.dll, AssemblyResolver.OnResolve: Microsoft.VisualStudio.TestPlatform.Extensions.Trx.TestLogger: Searching in: 'C:\Program Files\dotnet\sdk\7.0.304\Extensions'.
TpTrace Information: 0 : 13720, 1, 2023/12/16, 15:54:44.374, 221683473134, vstest.console.dll, AssemblyResolver.OnResolve: Microsoft.VisualStudio.TestPlatform.Extensions.Trx.TestLogger: Loading assembly 'C:\Program Files\dotnet\sdk\7.0.304\Extensions\Microsoft.VisualStudio.TestPlatform.Extensions.Trx.TestLogger.dll'.
TpTrace Information: 0 : 13720, 1, 2023/12/16, 15:54:44.375, 221683481883, vstest.console.dll, AssemblyResolver.OnResolve: Resolved assembly: Microsoft.VisualStudio.TestPlatform.Extensions.Trx.TestLogger, from path: C:\Program Files\dotnet\sdk\7.0.304\Extensions\Microsoft.VisualStudio.TestPlatform.Extensions.Trx.TestLogger.dll
TpTrace Verbose: 0 : 13720, 1, 2023/12/16, 15:54:44.375, 221683483197, vstest.console.dll, MetadataReaderExtensionsHelper: Discovering extensions inside assembly 'Microsoft.VisualStudio.TestPlatform.Extensions.Trx.TestLogger, Version=15.0.0.0, Culture=neutral, PublicKeyToken=b03f5f7f11d50a3a' file path 'C:\Program Files\dotnet\sdk\7.0.304\Extensions\Microsoft.VisualStudio.TestPlatform.Extensions.Trx.TestLogger.dll'
TpTrace Verbose: 0 : 13720, 1, 2023/12/16, 15:54:44.377, 221683498478, vstest.console.dll, TestPluginCache: Discovered the extensions using extension path ''.
TpTrace Verbose: 0 : 13720, 1, 2023/12/16, 15:54:44.377, 221683499634, vstest.console.dll, TestPluginCache: Discoverers are ''.
TpTrace Verbose: 0 : 13720, 1, 2023/12/16, 15:54:44.377, 221683500162, vstest.console.dll, TestPluginCache: Executors are ''.
TpTrace Verbose: 0 : 13720, 1, 2023/12/16, 15:54:44.377, 221683500448, vstest.console.dll, TestPluginCache: Executors2 are ''.
TpTrace Verbose: 0 : 13720, 1, 2023/12/16, 15:54:44.377, 221683500717, vstest.console.dll, TestPluginCache: Setting providers are ''.
TpTrace Verbose: 0 : 13720, 1, 2023/12/16, 15:54:44.377, 221683500995, vstest.console.dll, TestPluginCache: Loggers are ''.
TpTrace Verbose: 0 : 13720, 1, 2023/12/16, 15:54:44.377, 221683502537, vstest.console.dll, TestPluginCache: TestHosts are 'HostProvider://DefaultTestHost,HostProvider://DotnetTestHost'.
TpTrace Verbose: 0 : 13720, 1, 2023/12/16, 15:54:44.377, 221683502983, vstest.console.dll, TestPluginCache: DataCollectors are ''.
TpTrace Information: 0 : 13720, 1, 2023/12/16, 15:54:44.389, 221683620705, vstest.console.dll, RunTestsArgumentProcessor:Execute: Test run is starting.
TpTrace Verbose: 0 : 13720, 1, 2023/12/16, 15:54:44.389, 221683621583, vstest.console.dll, RunTestsArgumentProcessor:Execute: Queuing Test run.
TpTrace Information: 0 : 13720, 1, 2023/12/16, 15:54:44.389, 221683623799, vstest.console.dll, TestRequestManager.RunTests: run tests started.
TpTrace Information: 0 : 13720, 1, 2023/12/16, 15:54:44.391, 221683639111, vstest.console.dll, AssemblyMetadataProvider.GetFrameworkName: Determined framework:'.NETCoreApp,Version=v7.0' for source: 'D:\Documents\GitHub\MovieMood\review_handler\review_handler.Integration.Test\bin\Debug\net7.0\fine-code-coverage\build-output\review_handler.Integration.Tests.dll'
TpTrace Information: 0 : 13720, 1, 2023/12/16, 15:54:44.391, 221683642149, vstest.console.dll, Determined framework for all sources: .NETCoreApp,Version=v7.0
TpTrace Verbose: 0 : 13720, 1, 2023/12/16, 15:54:44.391, 221683646298, vstest.console.dll, TestRequestManager.UpdateRunSettingsIfRequired: Default architecture: X64 IsDefaultTargetArchitecture: True, Current process architecture: X64 OperatingSystem: Windows.
TpTrace Information: 0 : 13720, 1, 2023/12/16, 15:54:44.393, 221683666439, vstest.console.dll, AssemblyMetadataProvider.GetArchitecture: Determined architecture:AnyCPU info for assembly: D:\Documents\GitHub\MovieMood\review_handler\review_handler.Integration.Test\bin\Debug\net7.0\fine-code-coverage\build-output\review_handler.Integration.Tests.dll
TpTrace Information: 0 : 13720, 1, 2023/12/16, 15:54:44.393, 221683667171, vstest.console.dll, Determined platform for source 'D:\Documents\GitHub\MovieMood\review_handler\review_handler.Integration.Test\bin\Debug\net7.0\fine-code-coverage\build-output\review_handler.Integration.Tests.dll' was AnyCPU and it will use the default plaform X64.
TpTrace Information: 0 : 13720, 1, 2023/12/16, 15:54:44.393, 221683667501, vstest.console.dll, None of the sources provided any runnable platform, using the default platform: X64
TpTrace Information: 0 : 13720, 1, 2023/12/16, 15:54:44.394, 221683668510, vstest.console.dll, Platform was updated to 'X64'.
TpTrace Information: 0 : 13720, 1, 2023/12/16, 15:54:44.397, 221683702278, vstest.console.dll, InferRunSettingsHelper.IsTestSettingsEnabled: Unable to navigate to RunSettings/MSTest. Current node: RunSettings
TpTrace Information: 0 : 13720, 1, 2023/12/16, 15:54:44.397, 221683708272, vstest.console.dll, AssemblyResolver.OnResolve: Microsoft.VisualStudio.TestPlatform.Fakes: Resolving assembly.
TpTrace Information: 0 : 13720, 1, 2023/12/16, 15:54:44.398, 221683708838, vstest.console.dll, AssemblyResolver.OnResolve: Microsoft.VisualStudio.TestPlatform.Fakes: Searching in: 'C:\Program Files\dotnet\sdk\7.0.304\Extensions'.
TpTrace Information: 0 : 13720, 1, 2023/12/16, 15:54:44.398, 221683709799, vstest.console.dll, AssemblyResolver.OnResolve: Microsoft.VisualStudio.TestPlatform.Fakes: Assembly path does not exist: 'C:\Program Files\dotnet\sdk\7.0.304\Extensions\Microsoft.VisualStudio.TestPlatform.Fakes.dll', returning.
TpTrace Information: 0 : 13720, 1, 2023/12/16, 15:54:44.398, 221683710551, vstest.console.dll, AssemblyResolver.OnResolve: Microsoft.VisualStudio.TestPlatform.Fakes: Assembly path does not exist: 'C:\Program Files\dotnet\sdk\7.0.304\Extensions\Microsoft.VisualStudio.TestPlatform.Fakes.exe', returning.
TpTrace Information: 0 : 13720, 1, 2023/12/16, 15:54:44.398, 221683711031, vstest.console.dll, AssemblyResolver.OnResolve: Microsoft.VisualStudio.TestPlatform.Fakes: Searching in: 'C:\Program Files\dotnet\sdk\7.0.304'.
TpTrace Information: 0 : 13720, 1, 2023/12/16, 15:54:44.398, 221683711706, vstest.console.dll, AssemblyResolver.OnResolve: Microsoft.VisualStudio.TestPlatform.Fakes: Assembly path does not exist: 'C:\Program Files\dotnet\sdk\7.0.304\Microsoft.VisualStudio.TestPlatform.Fakes.dll', returning.
TpTrace Information: 0 : 13720, 1, 2023/12/16, 15:54:44.398, 221683712423, vstest.console.dll, AssemblyResolver.OnResolve: Microsoft.VisualStudio.TestPlatform.Fakes: Assembly path does not exist: 'C:\Program Files\dotnet\sdk\7.0.304\Microsoft.VisualStudio.TestPlatform.Fakes.exe', returning.
TpTrace Information: 0 : 13720, 1, 2023/12/16, 15:54:44.398, 221683712798, vstest.console.dll, AssemblyResolver.OnResolve: Microsoft.VisualStudio.TestPlatform.Fakes: Failed to load assembly.
TpTrace Information: 0 : 13720, 1, 2023/12/16, 15:54:44.398, 221683715168, vstest.console.dll, Failed to load assembly Microsoft.VisualStudio.TestPlatform.Fakes, Version=17.0.0.0, Culture=neutral. Reason:System.IO.FileNotFoundException: Could not load file or assembly 'Microsoft.VisualStudio.TestPlatform.Fakes, Version=17.0.0.0, Culture=neutral, PublicKeyToken=null'. The system cannot find the file specified.
File name: 'Microsoft.VisualStudio.TestPlatform.Fakes, Version=17.0.0.0, Culture=neutral, PublicKeyToken=null'
   at System.Reflection.RuntimeAssembly.InternalLoad(AssemblyName assemblyName, StackCrawlMark& stackMark, AssemblyLoadContext assemblyLoadContext, RuntimeAssembly requestingAssembly, Boolean throwOnFileNotFound)
   at System.Reflection.Assembly.Load(AssemblyName assemblyRef)
   at Microsoft.VisualStudio.TestPlatform.Common.Utilities.FakesUtilities.LoadTestPlatformAssembly()
TpTrace Verbose: 0 : 13720, 1, 2023/12/16, 15:54:44.402, 221683750033, vstest.console.dll, TestPluginCache.DiscoverTestExtensions: finding test extensions in assemblies ends with: TestLogger.dll TPluginInfo: Microsoft.VisualStudio.TestPlatform.Common.ExtensionFramework.Utilities.TestLoggerPluginInformation TExtension: Microsoft.VisualStudio.TestPlatform.ObjectModel.Client.ITestLogger
TpTrace Verbose: 0 : 13720, 1, 2023/12/16, 15:54:44.402, 221683751105, vstest.console.dll, TestPluginCache.GetExtensionPaths: Filtered extension paths: 
TpTrace Verbose: 0 : 13720, 1, 2023/12/16, 15:54:44.402, 221683751513, vstest.console.dll, TestPluginCache.GetExtensionPaths: Added default extension paths: C:\Program Files\dotnet\sdk\7.0.304\Extensions\Microsoft.Diagnostics.NETCore.Client.dll
C:\Program Files\dotnet\sdk\7.0.304\Extensions\Microsoft.TestPlatform.Extensions.BlameDataCollector.dll
C:\Program Files\dotnet\sdk\7.0.304\Extensions\Microsoft.TestPlatform.Extensions.EventLogCollector.dll
C:\Program Files\dotnet\sdk\7.0.304\Extensions\Microsoft.TestPlatform.TestHostRuntimeProvider.dll
C:\Program Files\dotnet\sdk\7.0.304\Extensions\Microsoft.VisualStudio.TestPlatform.Extensions.Html.TestLogger.dll
C:\Program Files\dotnet\sdk\7.0.304\Extensions\Microsoft.VisualStudio.TestPlatform.Extensions.Trx.TestLogger.dll
TpTrace Verbose: 0 : 13720, 1, 2023/12/16, 15:54:44.402, 221683751855, vstest.console.dll, TestPluginCache.GetExtensionPaths: Added unfilterableExtensionPaths: 
TpTrace Information: 0 : 13720, 1, 2023/12/16, 15:54:44.402, 221683753088, vstest.console.dll, AssemblyResolver.AddSearchDirectories: Adding more searchDirectories C:\Program Files\dotnet\sdk\7.0.304\Extensions,C:\Program Files\dotnet\sdk\7.0.304
TpTrace Verbose: 0 : 13720, 1, 2023/12/16, 15:54:44.402, 221683753598, vstest.console.dll, TestPluginCache.DiscoverTestExtensions: Discovering the extensions using extension path.
TpTrace Verbose: 0 : 13720, 1, 2023/12/16, 15:54:44.402, 221683753951, vstest.console.dll, TestPluginCache.GetExtensionPaths: Filtered extension paths: 
TpTrace Verbose: 0 : 13720, 1, 2023/12/16, 15:54:44.402, 221683754292, vstest.console.dll, TestPluginCache.GetExtensionPaths: Added default extension paths: C:\Program Files\dotnet\sdk\7.0.304\Extensions\Microsoft.Diagnostics.NETCore.Client.dll
C:\Program Files\dotnet\sdk\7.0.304\Extensions\Microsoft.TestPlatform.Extensions.BlameDataCollector.dll
C:\Program Files\dotnet\sdk\7.0.304\Extensions\Microsoft.TestPlatform.Extensions.EventLogCollector.dll
C:\Program Files\dotnet\sdk\7.0.304\Extensions\Microsoft.TestPlatform.TestHostRuntimeProvider.dll
C:\Program Files\dotnet\sdk\7.0.304\Extensions\Microsoft.VisualStudio.TestPlatform.Extensions.Html.TestLogger.dll
C:\Program Files\dotnet\sdk\7.0.304\Extensions\Microsoft.VisualStudio.TestPlatform.Extensions.Trx.TestLogger.dll
TpTrace Verbose: 0 : 13720, 1, 2023/12/16, 15:54:44.402, 221683754587, vstest.console.dll, TestPluginCache.GetExtensionPaths: Added unfilterableExtensionPaths: 
TpTrace Verbose: 0 : 13720, 1, 2023/12/16, 15:54:44.402, 221683754961, vstest.console.dll, TestPluginCache.DiscoverTestExtensions: Discovering the extensions using allExtensionPaths: C:\Program Files\dotnet\sdk\7.0.304\Extensions\Microsoft.Diagnostics.NETCore.Client.dll
C:\Program Files\dotnet\sdk\7.0.304\Extensions\Microsoft.TestPlatform.Extensions.BlameDataCollector.dll
C:\Program Files\dotnet\sdk\7.0.304\Extensions\Microsoft.TestPlatform.Extensions.EventLogCollector.dll
C:\Program Files\dotnet\sdk\7.0.304\Extensions\Microsoft.TestPlatform.TestHostRuntimeProvider.dll
C:\Program Files\dotnet\sdk\7.0.304\Extensions\Microsoft.VisualStudio.TestPlatform.Extensions.Html.TestLogger.dll
C:\Program Files\dotnet\sdk\7.0.304\Extensions\Microsoft.VisualStudio.TestPlatform.Extensions.Trx.TestLogger.dll
TpTrace Information: 0 : 13720, 1, 2023/12/16, 15:54:44.402, 221683755836, vstest.console.dll, AssemblyResolver.AddSearchDirectories: Adding more searchDirectories C:\Program Files\dotnet\sdk\7.0.304\Extensions,C:\Program Files\dotnet\sdk\7.0.304
TpTrace Information: 0 : 13720, 1, 2023/12/16, 15:54:44.402, 221683756297, vstest.console.dll, AssemblyResolver.AddSearchDirectories: Adding more searchDirectories C:\Program Files\dotnet\sdk\7.0.304\Extensions,C:\Program Files\dotnet\sdk\7.0.304
TpTrace Information: 0 : 13720, 1, 2023/12/16, 15:54:44.402, 221683756618, vstest.console.dll, AssemblyResolver.AddSearchDirectories: Adding more searchDirectories C:\Program Files\dotnet\sdk\7.0.304\Extensions,C:\Program Files\dotnet\sdk\7.0.304
TpTrace Information: 0 : 13720, 1, 2023/12/16, 15:54:44.402, 221683756926, vstest.console.dll, AssemblyResolver.AddSearchDirectories: Adding more searchDirectories C:\Program Files\dotnet\sdk\7.0.304\Extensions,C:\Program Files\dotnet\sdk\7.0.304
TpTrace Information: 0 : 13720, 1, 2023/12/16, 15:54:44.402, 221683757300, vstest.console.dll, AssemblyResolver.AddSearchDirectories: Adding more searchDirectories C:\Program Files\dotnet\sdk\7.0.304\Extensions,C:\Program Files\dotnet\sdk\7.0.304
TpTrace Information: 0 : 13720, 1, 2023/12/16, 15:54:44.402, 221683757618, vstest.console.dll, AssemblyResolver.AddSearchDirectories: Adding more searchDirectories C:\Program Files\dotnet\sdk\7.0.304\Extensions,C:\Program Files\dotnet\sdk\7.0.304
TpTrace Verbose: 0 : 13720, 1, 2023/12/16, 15:54:44.403, 221683758665, vstest.console.dll, MetadataReaderExtensionsHelper: Discovering extensions inside assembly 'Microsoft.Diagnostics.NETCore.Client, Version=0.2.6.42401, Culture=neutral, PublicKeyToken=31bf3856ad364e35' file path 'C:\Program Files\dotnet\sdk\7.0.304\Extensions\Microsoft.Diagnostics.NETCore.Client.dll'
TpTrace Information: 0 : 13720, 1, 2023/12/16, 15:54:44.403, 221683767945, vstest.console.dll, AssemblyResolver.OnResolve: Microsoft.Bcl.AsyncInterfaces: Resolving assembly.
TpTrace Information: 0 : 13720, 1, 2023/12/16, 15:54:44.404, 221683768488, vstest.console.dll, AssemblyResolver.OnResolve: Microsoft.Bcl.AsyncInterfaces: Resolved from cache.
TpTrace Verbose: 0 : 13720, 1, 2023/12/16, 15:54:44.404, 221683768795, vstest.console.dll, CurrentDomainAssemblyResolve: Resolving assembly 'Microsoft.Bcl.AsyncInterfaces'.
TpTrace Information: 0 : 13720, 1, 2023/12/16, 15:54:44.404, 221683769302, vstest.console.dll, AssemblyResolver.OnResolve: Microsoft.Bcl.AsyncInterfaces: Resolving assembly.
TpTrace Information: 0 : 13720, 1, 2023/12/16, 15:54:44.404, 221683769611, vstest.console.dll, AssemblyResolver.OnResolve: Microsoft.Bcl.AsyncInterfaces: Resolved from cache.
TpTrace Verbose: 0 : 13720, 1, 2023/12/16, 15:54:44.404, 221683769885, vstest.console.dll, CurrentDomainAssemblyResolve: Resolving assembly 'Microsoft.Bcl.AsyncInterfaces'.
TpTrace Verbose: 0 : 13720, 1, 2023/12/16, 15:54:44.404, 221683770156, vstest.console.dll, CurrentDomainAssemblyResolve: Failed to resolve assembly 'Microsoft.Bcl.AsyncInterfaces'.
TpTrace Verbose: 0 : 13720, 1, 2023/12/16, 15:54:44.404, 221683771987, vstest.console.dll, CurrentDomainAssemblyResolve: Failed to resolve assembly 'Microsoft.Bcl.AsyncInterfaces'.
TpTrace Warning: 0 : 13720, 1, 2023/12/16, 15:54:44.404, 221683775729, vstest.console.dll, TestPluginDiscoverer: Failed to get types from assembly 'Microsoft.Diagnostics.NETCore.Client, Version=0.2.6.42401, Culture=neutral, PublicKeyToken=31bf3856ad364e35'. Error: System.Reflection.ReflectionTypeLoadException: Unable to load one or more of the requested types.
Could not load file or assembly 'Microsoft.Bcl.AsyncInterfaces, Version=1.0.0.0, Culture=neutral, PublicKeyToken=cc7b13ffcd2ddd51'. The system cannot find the file specified.
   at System.Reflection.RuntimeModule.GetTypes(RuntimeModule module)
   at System.Reflection.Assembly.GetTypes()
   at Microsoft.VisualStudio.TestPlatform.Common.ExtensionFramework.TestPluginDiscoverer.GetTestExtensionsFromAssembly[TPluginInfo,TExtension](Assembly assembly, Dictionary`2 pluginInfos, String filePath)
System.IO.FileNotFoundException: Could not load file or assembly 'Microsoft.Bcl.AsyncInterfaces, Version=1.0.0.0, Culture=neutral, PublicKeyToken=cc7b13ffcd2ddd51'. The system cannot find the file specified.
File name: 'Microsoft.Bcl.AsyncInterfaces, Version=1.0.0.0, Culture=neutral, PublicKeyToken=cc7b13ffcd2ddd51'
 ---> System.IO.FileNotFoundException: Could not load file or assembly 'Microsoft.Bcl.AsyncInterfaces, Culture=neutral, PublicKeyToken=null'. The system cannot find the file specified.
File name: 'Microsoft.Bcl.AsyncInterfaces, Culture=neutral, PublicKeyToken=null'
   at System.Reflection.RuntimeAssembly.InternalLoad(AssemblyName assemblyName, StackCrawlMark& stackMark, AssemblyLoadContext assemblyLoadContext, RuntimeAssembly requestingAssembly, Boolean throwOnFileNotFound)
   at System.Reflection.Assembly.Load(AssemblyName assemblyRef)
   at Microsoft.VisualStudio.TestPlatform.Common.ExtensionFramework.TestPluginCache.CurrentDomainAssemblyResolve(Object sender, AssemblyResolveEventArgs args)
   at System.Runtime.Loader.AssemblyLoadContext.GetFirstResolvedAssemblyFromResolvingEvent(AssemblyName assemblyName)
   at System.Runtime.Loader.AssemblyLoadContext.ResolveUsingEvent(AssemblyName assemblyName)
   at System.Runtime.Loader.AssemblyLoadContext.ResolveUsingResolvingEvent(IntPtr gchManagedAssemblyLoadContext, AssemblyName assemblyName)
TpTrace Warning: 0 : 13720, 1, 2023/12/16, 15:54:44.404, 221683777233, vstest.console.dll, LoaderExceptions: System.IO.FileNotFoundException: Could not load file or assembly 'Microsoft.Bcl.AsyncInterfaces, Version=1.0.0.0, Culture=neutral, PublicKeyToken=cc7b13ffcd2ddd51'. The system cannot find the file specified.
File name: 'Microsoft.Bcl.AsyncInterfaces, Version=1.0.0.0, Culture=neutral, PublicKeyToken=cc7b13ffcd2ddd51'
 ---> System.IO.FileNotFoundException: Could not load file or assembly 'Microsoft.Bcl.AsyncInterfaces, Culture=neutral, PublicKeyToken=null'. The system cannot find the file specified.
File name: 'Microsoft.Bcl.AsyncInterfaces, Culture=neutral, PublicKeyToken=null'
   at System.Reflection.RuntimeAssembly.InternalLoad(AssemblyName assemblyName, StackCrawlMark& stackMark, AssemblyLoadContext assemblyLoadContext, RuntimeAssembly requestingAssembly, Boolean throwOnFileNotFound)
   at System.Reflection.Assembly.Load(AssemblyName assemblyRef)
   at Microsoft.VisualStudio.TestPlatform.Common.ExtensionFramework.TestPluginCache.CurrentDomainAssemblyResolve(Object sender, AssemblyResolveEventArgs args)
   at System.Runtime.Loader.AssemblyLoadContext.GetFirstResolvedAssemblyFromResolvingEvent(AssemblyName assemblyName)
   at System.Runtime.Loader.AssemblyLoadContext.ResolveUsingEvent(AssemblyName assemblyName)
   at System.Runtime.Loader.AssemblyLoadContext.ResolveUsingResolvingEvent(IntPtr gchManagedAssemblyLoadContext, AssemblyName assemblyName)
TpTrace Verbose: 0 : 13720, 1, 2023/12/16, 15:54:44.404, 221683778139, vstest.console.dll, MetadataReaderExtensionsHelper: Discovering extensions inside assembly 'Microsoft.TestPlatform.Extensions.BlameDataCollector, Version=15.0.0.0, Culture=neutral, PublicKeyToken=b03f5f7f11d50a3a' file path 'C:\Program Files\dotnet\sdk\7.0.304\Extensions\Microsoft.TestPlatform.Extensions.BlameDataCollector.dll'
TpTrace Information: 0 : 13720, 1, 2023/12/16, 15:54:44.405, 221683785016, vstest.console.dll, GetTestExtensionFromType: Register extension with identifier data 'logger://Microsoft/TestPlatform/Extensions/Blame/v1' and type 'Microsoft.TestPlatform.Extensions.BlameDataCollector.BlameLogger, Microsoft.TestPlatform.Extensions.BlameDataCollector, Version=15.0.0.0, Culture=neutral, PublicKeyToken=b03f5f7f11d50a3a' inside file 'C:\Program Files\dotnet\sdk\7.0.304\Extensions\Microsoft.TestPlatform.Extensions.BlameDataCollector.dll'
TpTrace Verbose: 0 : 13720, 1, 2023/12/16, 15:54:44.405, 221683785658, vstest.console.dll, MetadataReaderExtensionsHelper: Discovering extensions inside assembly 'Microsoft.TestPlatform.Extensions.EventLogCollector, Version=15.0.0.0, Culture=neutral, PublicKeyToken=b03f5f7f11d50a3a' file path 'C:\Program Files\dotnet\sdk\7.0.304\Extensions\Microsoft.TestPlatform.Extensions.EventLogCollector.dll'
TpTrace Verbose: 0 : 13720, 1, 2023/12/16, 15:54:44.406, 221683790534, vstest.console.dll, MetadataReaderExtensionsHelper: Discovering extensions inside assembly 'Microsoft.TestPlatform.TestHostRuntimeProvider, Version=15.0.0.0, Culture=neutral, PublicKeyToken=b03f5f7f11d50a3a' file path 'C:\Program Files\dotnet\sdk\7.0.304\Extensions\Microsoft.TestPlatform.TestHostRuntimeProvider.dll'
TpTrace Verbose: 0 : 13720, 1, 2023/12/16, 15:54:44.407, 221683801776, vstest.console.dll, MetadataReaderExtensionsHelper: Discovering extensions inside assembly 'Microsoft.VisualStudio.TestPlatform.Extensions.Html.TestLogger, Version=15.0.0.0, Culture=neutral, PublicKeyToken=b03f5f7f11d50a3a' file path 'C:\Program Files\dotnet\sdk\7.0.304\Extensions\Microsoft.VisualStudio.TestPlatform.Extensions.Html.TestLogger.dll'
TpTrace Information: 0 : 13720, 1, 2023/12/16, 15:54:44.408, 221683813553, vstest.console.dll, GetTestExtensionFromType: Register extension with identifier data 'logger://Microsoft/TestPlatform/HtmlLogger/v1' and type 'Microsoft.VisualStudio.TestPlatform.Extensions.HtmlLogger.HtmlLogger, Microsoft.VisualStudio.TestPlatform.Extensions.Html.TestLogger, Version=15.0.0.0, Culture=neutral, PublicKeyToken=b03f5f7f11d50a3a' inside file 'C:\Program Files\dotnet\sdk\7.0.304\Extensions\Microsoft.VisualStudio.TestPlatform.Extensions.Html.TestLogger.dll'
TpTrace Verbose: 0 : 13720, 1, 2023/12/16, 15:54:44.408, 221683814557, vstest.console.dll, MetadataReaderExtensionsHelper: Discovering extensions inside assembly 'Microsoft.VisualStudio.TestPlatform.Extensions.Trx.TestLogger, Version=15.0.0.0, Culture=neutral, PublicKeyToken=b03f5f7f11d50a3a' file path 'C:\Program Files\dotnet\sdk\7.0.304\Extensions\Microsoft.VisualStudio.TestPlatform.Extensions.Trx.TestLogger.dll'
TpTrace Information: 0 : 13720, 1, 2023/12/16, 15:54:44.409, 221683821119, vstest.console.dll, GetTestExtensionFromType: Register extension with identifier data 'logger://Microsoft/TestPlatform/TrxLogger/v1' and type 'Microsoft.VisualStudio.TestPlatform.Extensions.TrxLogger.TrxLogger, Microsoft.VisualStudio.TestPlatform.Extensions.Trx.TestLogger, Version=15.0.0.0, Culture=neutral, PublicKeyToken=b03f5f7f11d50a3a' inside file 'C:\Program Files\dotnet\sdk\7.0.304\Extensions\Microsoft.VisualStudio.TestPlatform.Extensions.Trx.TestLogger.dll'
TpTrace Verbose: 0 : 13720, 1, 2023/12/16, 15:54:44.409, 221683822094, vstest.console.dll, TestPluginCache: Discovered the extensions using extension path ''.
TpTrace Verbose: 0 : 13720, 1, 2023/12/16, 15:54:44.409, 221683822481, vstest.console.dll, TestPluginCache: Discoverers are ''.
TpTrace Verbose: 0 : 13720, 1, 2023/12/16, 15:54:44.409, 221683822851, vstest.console.dll, TestPluginCache: Executors are ''.
TpTrace Verbose: 0 : 13720, 1, 2023/12/16, 15:54:44.409, 221683823111, vstest.console.dll, TestPluginCache: Executors2 are ''.
TpTrace Verbose: 0 : 13720, 1, 2023/12/16, 15:54:44.409, 221683823367, vstest.console.dll, TestPluginCache: Setting providers are ''.
TpTrace Verbose: 0 : 13720, 1, 2023/12/16, 15:54:44.409, 221683824464, vstest.console.dll, TestPluginCache: Loggers are 'logger://Microsoft/TestPlatform/Extensions/Blame/v1,logger://Microsoft/TestPlatform/HtmlLogger/v1,logger://Microsoft/TestPlatform/TrxLogger/v1'.
TpTrace Verbose: 0 : 13720, 1, 2023/12/16, 15:54:44.409, 221683824936, vstest.console.dll, TestPluginCache: TestHosts are 'HostProvider://DefaultTestHost,HostProvider://DotnetTestHost'.
TpTrace Verbose: 0 : 13720, 1, 2023/12/16, 15:54:44.409, 221683825234, vstest.console.dll, TestPluginCache: DataCollectors are ''.
TpTrace Information: 0 : 13720, 1, 2023/12/16, 15:54:44.410, 221683836083, vstest.console.dll, TestPluginManager.CreateTestExtension: Attempting to load test extension: Microsoft.TestPlatform.Extensions.BlameDataCollector.BlameLogger
TpTrace Verbose: 0 : 13720, 1, 2023/12/16, 15:54:44.418, 221683912929, vstest.console.dll, TestEngine: Initializing Parallel Execution as MaxCpuCount is set to: 1
TpTrace Information: 0 : 13720, 1, 2023/12/16, 15:54:44.420, 221683929372, vstest.console.dll, TestPluginManager.CreateTestExtension: Attempting to load test extension: Microsoft.VisualStudio.TestPlatform.CrossPlatEngine.Hosting.DefaultTestHostManager
TpTrace Information: 0 : 13720, 1, 2023/12/16, 15:54:44.420, 221683937856, vstest.console.dll, TestPluginManager.CreateTestExtension: Attempting to load test extension: Microsoft.VisualStudio.TestPlatform.CrossPlatEngine.Hosting.DotnetTestHostManager
TpTrace Information: 0 : 13720, 1, 2023/12/16, 15:54:44.421, 221683944598, vstest.console.dll, InferRunSettingsHelper.IsTestSettingsEnabled: Unable to navigate to RunSettings/MSTest. Current node: RunSettings
TpTrace Verbose: 0 : 13720, 1, 2023/12/16, 15:54:44.426, 221683991537, vstest.console.dll, TestEngine.GetExecutionManager: Chosen execution manager 'Microsoft.VisualStudio.TestPlatform.CrossPlatEngine.Client.Parallel.ParallelProxyExecutionManager, Microsoft.TestPlatform.CrossPlatEngine, Version=15.0.0.0, Culture=neutral, PublicKeyToken=b03f5f7f11d50a3a' ParallelLevel '1'.
TpTrace Verbose: 0 : 13720, 1, 2023/12/16, 15:54:44.426, 221683993138, vstest.console.dll, TestRunRequest.ExecuteAsync: Creating test run request.
TpTrace Verbose: 0 : 13720, 1, 2023/12/16, 15:54:44.426, 221683995542, vstest.console.dll, TestRunRequest.ExecuteAsync: Starting.
TpTrace Information: 0 : 13720, 1, 2023/12/16, 15:54:44.427, 221683999200, vstest.console.dll, TestRunRequest.ExecuteAsync: Starting run with settings:TestRunCriteria:
   KeepAlive=False,FrequencyOfRunStatsChangeEvent=10,RunStatsChangeEventTimeout=00:00:01.5000000,TestCaseFilter=,TestExecutorLauncher=
   Settingsxml=<RunSettings>
  <RunConfiguration>
    <ResultsDirectory>D:\Documents\GitHub\MovieMood\review_handler\review_handler.Integration.Test\bin\Debug\net7.0\fine-code-coverage\coverage-tool-output</ResultsDirectory>
    <TargetPlatform>X64</TargetPlatform>
    <TargetFrameworkVersion>.NETCoreApp,Version=v7.0</TargetFrameworkVersion>
    <DesignMode>False</DesignMode>
    <CollectSourceInformation>False</CollectSourceInformation>
  </RunConfiguration>
  <LoggerRunSettings>
    <Loggers>
      <Logger friendlyName="blame" enabled="True" />
      <Logger friendlyName="Console" uri="logger://microsoft/TestPlatform/ConsoleLogger/v1" assemblyQualifiedName="Microsoft.VisualStudio.TestPlatform.CommandLine.Internal.ConsoleLogger, vstest.console, Version=15.0.0.0, Culture=neutral, PublicKeyToken=b03f5f7f11d50a3a" codeBase="C:\Program Files\dotnet\sdk\7.0.304\vstest.console.dll" enabled="True" />
    </Loggers>
  </LoggerRunSettings>
  <DataCollectionRunSettings>
    <DataCollectors>
      <DataCollector friendlyName="blame" enabled="True">
        <Configuration>
          <ResultsDirectory>D:\Documents\GitHub\MovieMood\review_handler\review_handler.Integration.Test\bin\Debug\net7.0\fine-code-coverage\coverage-tool-output</ResultsDirectory>
        </Configuration>
      </DataCollector>
    </DataCollectors>
  </DataCollectionRunSettings>
</RunSettings>

TpTrace Verbose: 0 : 13720, 1, 2023/12/16, 15:54:44.427, 221684000145, vstest.console.dll, TestRunRequest.ExecuteAsync: Wait for the first run request is over.
TpTrace Verbose: 0 : 13720, 1, 2023/12/16, 15:54:44.427, 221684003220, vstest.console.dll, MulticastDelegateUtilities.SafeInvoke: TestRun.TestRunStart: Invoking callbacks was skipped because there are no subscribers.
TpTrace Verbose: 0 : 13720, 4, 2023/12/16, 15:54:44.427, 221684005764, vstest.console.dll, MulticastDelegateUtilities.SafeInvoke: InternalTestLoggerEvents.SendTestRunStart: Invoking callback 1/1 for Microsoft.VisualStudio.TestPlatform.CommandLine.Internal.ConsoleLogger., took 0 ms.
TpTrace Verbose: 0 : 13720, 1, 2023/12/16, 15:54:44.428, 221684018076, vstest.console.dll, ParallelProxyExecutionManager: Start execution. Total sources: 1
TpTrace Verbose: 0 : 13720, 1, 2023/12/16, 15:54:44.430, 221684037901, vstest.console.dll, TestRequestSender is acting as server.
TpTrace Verbose: 0 : 13720, 1, 2023/12/16, 15:54:44.433, 221684062124, vstest.console.dll, ParallelOperationManager.RunWorkInParallel: Started work on a host.
TpTrace Verbose: 0 : 13720, 1, 2023/12/16, 15:54:44.434, 221684071494, vstest.console.dll, ProxyParallelExecutionManager: No sources available for execution.
TpTrace Information: 0 : 13720, 1, 2023/12/16, 15:54:44.434, 221684072462, vstest.console.dll, TestRunRequest.ExecuteAsync: Started.
TpTrace Verbose: 0 : 13720, 1, 2023/12/16, 15:54:44.434, 221684073182, vstest.console.dll, TestRunRequest.WaitForCompletion: Waiting with timeout -1.
TpTrace Verbose: 0 : 13720, 5, 2023/12/16, 15:54:44.434, 221684074123, vstest.console.dll, DataCollectionRequestSender.InitializeCommunication : Initialize communication. 
TpTrace Information: 0 : 13720, 5, 2023/12/16, 15:54:44.440, 221684129725, vstest.console.dll, Listening on Endpoint : 127.0.0.1:53381
TpTrace Verbose: 0 : 13720, 5, 2023/12/16, 15:54:44.446, 221684196924, vstest.console.dll, DotnetDataCollectionLauncher: Adding  --runtimeconfig "C:\Program Files\dotnet\sdk\7.0.304\datacollector.runtimeconfig.json" in args
TpTrace Verbose: 0 : 13720, 5, 2023/12/16, 15:54:44.447, 221684199307, vstest.console.dll, DotnetDataCollectionLauncher: Adding  --depsfile "C:\Program Files\dotnet\sdk\7.0.304\datacollector.deps.json" in args
TpTrace Verbose: 0 : 13720, 5, 2023/12/16, 15:54:44.447, 221684202111, vstest.console.dll, DotnetDataCollectionLauncher: Full path of dotnet.exe is C:\Program Files\dotnet\dotnet.exe
TpTrace Information: 0 : 13720, 5, 2023/12/16, 15:54:44.453, 221684261233, vstest.console.dll, ProxyDataCollectionManager.Initialize: Launched datacollector processId: 21208 port: 53381
TpTrace Information: 0 : 13720, 5, 2023/12/16, 15:54:44.453, 221684262488, vstest.console.dll, ProxyDataCollectionManager.Initialize: waiting for connection with timeout: 90 seconds
TpTrace Verbose: 0 : 13720, 5, 2023/12/16, 15:54:44.453, 221684263044, vstest.console.dll, DataCollectionRequestSender.WaitForRequestHandlerConnection : Waiting for connection with timeout: 90000
TpTrace Information: 0 : 13720, 7, 2023/12/16, 15:54:44.623, 221685965650, vstest.console.dll, Using the buffer size of 16384 bytes
TpTrace Verbose: 0 : 13720, 5, 2023/12/16, 15:54:44.623, 221685965649, vstest.console.dll, SocketCommunicationManager.WaitForClientConnection took: 170 ms, with 90000 ms timeout, and finished with True.
TpTrace Information: 0 : 13720, 7, 2023/12/16, 15:54:44.624, 221685968593, vstest.console.dll, Accepted Client request and set the flag
TpTrace Verbose: 0 : 13720, 5, 2023/12/16, 15:54:44.624, 221685968817, vstest.console.dll, ProxyDataCollectionManager.InvokeDataCollectionServiceAction: Starting.
TpTrace Information: 0 : 13720, 5, 2023/12/16, 15:54:44.624, 221685970361, vstest.console.dll, ProxyDataCollectionManager.BeforeTestRunStart: Get environment variable and port for datacollector processId: 21208 port: 53381
TpTrace Verbose: 0 : 13720, 5, 2023/12/16, 15:54:44.624, 221685971719, vstest.console.dll, DataCollectionRequestSender.SendBeforeTestRunStartAndGetResult: Send BeforeTestRunStart message with settingsXml <RunSettings><RunConfiguration><ResultsDirectory>D:\Documents\GitHub\MovieMood\review_handler\review_handler.Integration.Test\bin\Debug\net7.0\fine-code-coverage\coverage-tool-output</ResultsDirectory><TargetPlatform>X64</TargetPlatform><TargetFrameworkVersion>.NETCoreApp,Version=v7.0</TargetFrameworkVersion><DesignMode>False</DesignMode><CollectSourceInformation>False</CollectSourceInformation><TestAdaptersPaths>C:\Program Files\dotnet\sdk\7.0.304\Extensions</TestAdaptersPaths></RunConfiguration><LoggerRunSettings><Loggers><Logger friendlyName="blame" enabled="True" /><Logger friendlyName="Console" uri="logger://microsoft/TestPlatform/ConsoleLogger/v1" assemblyQualifiedName="Microsoft.VisualStudio.TestPlatform.CommandLine.Internal.ConsoleLogger, vstest.console, Version=15.0.0.0, Culture=neutral, PublicKeyToken=b03f5f7f11d50a3a" codeBase="C:\Program Files\dotnet\sdk\7.0.304\vstest.console.dll" enabled="True" /></Loggers></LoggerRunSettings><DataCollectionRunSettings><DataCollectors><DataCollector friendlyName="blame" enabled="True"><Configuration><ResultsDirectory>D:\Documents\GitHub\MovieMood\review_handler\review_handler.Integration.Test\bin\Debug\net7.0\fine-code-coverage\coverage-tool-output</ResultsDirectory></Configuration></DataCollector></DataCollectors></DataCollectionRunSettings></RunSettings> and sources System.Collections.Generic.List`1[System.String]: 
TpTrace Verbose: 0 : 13720, 5, 2023/12/16, 15:54:44.709, 221686818456, vstest.console.dll, DataCollectionRequestSender.SendBeforeTestRunStartAndGetResult: Received message: (DataCollection.SendMessage) -> {"MessageType":"DataCollection.SendMessage","Payload":{"FriendlyName":null,"Uri":null,"TestCaseId":"00000000-0000-0000-0000-000000000000","Message":"Logging DataCollector Diagnostics in file: D:\\Documents\\GitHub\\MovieMood\\review_handler\\review_handler.Integration.Test\\bin\\Debug\\net7.0\\fine-code-coverage\\coverage-tool-output\\diagnostics.datacollector.23-12-16_15-54-44_44660_5.log","Level":0}}
TpTrace Verbose: 0 : 13720, 5, 2023/12/16, 15:54:44.797, 221687706230, vstest.console.dll, DataCollectionRequestSender.SendBeforeTestRunStartAndGetResult: Received message: (DataCollection.BeforeTestRunStartResult) -> {"MessageType":"DataCollection.BeforeTestRunStartResult","Payload":{"EnvironmentVariables":{},"DataCollectionEventsPort":53383}}
TpTrace Information: 0 : 13720, 5, 2023/12/16, 15:54:44.802, 221687757367, vstest.console.dll, ProxyDataCollectionManager.BeforeTestRunStart: SendBeforeTestRunStartAndGetResult successful, env variable from datacollector:   and testhost port: 53383
TpTrace Information: 0 : 13720, 5, 2023/12/16, 15:54:44.803, 221687758540, vstest.console.dll, ProxyDataCollectionManager.InvokeDataCollectionServiceAction: Completed.
TpTrace Verbose: 0 : 13720, 5, 2023/12/16, 15:54:44.803, 221687759512, vstest.console.dll, ProxyExecutionManager: Test host is always Lazy initialize.
TpTrace Verbose: 0 : 13720, 5, 2023/12/16, 15:54:44.803, 221687762170, vstest.console.dll, TestRequestSender.InitializeCommunication: initialize communication. 
TpTrace Information: 0 : 13720, 5, 2023/12/16, 15:54:44.803, 221687767349, vstest.console.dll, SocketServer.Start: Listening on endpoint : 127.0.0.1:53384
TpTrace Verbose: 0 : 13720, 5, 2023/12/16, 15:54:44.804, 221687775669, vstest.console.dll, DotnetTestHostmanager.GetTestHostProcessStartInfo: Platform environment 'X64' target architecture 'X64' framework '.NETCoreApp,Version=v7.0' OS 'Windows'
TpTrace Verbose: 0 : 13720, 5, 2023/12/16, 15:54:44.805, 221687778462, vstest.console.dll, DotnetTestHostmanager: Adding  --runtimeconfig "D:\Documents\GitHub\MovieMood\review_handler\review_handler.Integration.Test\bin\Debug\net7.0\fine-code-coverage\build-output\review_handler.Integration.Tests.runtimeconfig.json" in args
TpTrace Verbose: 0 : 13720, 5, 2023/12/16, 15:54:44.805, 221687779359, vstest.console.dll, DotnetTestHostmanager: Adding  --depsfile "D:\Documents\GitHub\MovieMood\review_handler\review_handler.Integration.Test\bin\Debug\net7.0\fine-code-coverage\build-output\review_handler.Integration.Tests.deps.json" in args
TpTrace Verbose: 0 : 13720, 5, 2023/12/16, 15:54:44.805, 221687780936, vstest.console.dll, DotnetTestHostmanager.IsWinOnArm: Current PROCESSOR_ARCHITECTURE from environment variable 'AMD64'
TpTrace Verbose: 0 : 13720, 5, 2023/12/16, 15:54:44.805, 221687781570, vstest.console.dll, DotnetTestHostmanager.IsWinOnArm: Is Windows on ARM 'False'
TpTrace Verbose: 0 : 13720, 5, 2023/12/16, 15:54:44.805, 221687782126, vstest.console.dll, DotnetTestHostManager: testhost.exe found at path: D:\Documents\GitHub\MovieMood\review_handler\review_handler.Integration.Test\bin\Debug\net7.0\fine-code-coverage\build-output\testhost.exe
TpTrace Verbose: 0 : 13720, 5, 2023/12/16, 15:54:44.805, 221687782612, vstest.console.dll, DotnetTestHostmanager: Full path of host exe is D:\Documents\GitHub\MovieMood\review_handler\review_handler.Integration.Test\bin\Debug\net7.0\fine-code-coverage\build-output\testhost.exe
TpTrace Verbose: 0 : 13720, 5, 2023/12/16, 15:54:44.805, 221687783814, vstest.console.dll, DotnetTestHostmanager.LaunchTestHostAsync: Found 'VSTEST_WINAPPHOST_DOTNET_ROOT' in env variables, value 'C:\Program Files\dotnet', forwarding to 'DOTNET_ROOT'
TpTrace Verbose: 0 : 13720, 5, 2023/12/16, 15:54:44.805, 221687785453, vstest.console.dll, DotnetTestHostManager: Starting process 'D:\Documents\GitHub\MovieMood\review_handler\review_handler.Integration.Test\bin\Debug\net7.0\fine-code-coverage\build-output\testhost.exe' with command line ' --runtimeconfig "D:\Documents\GitHub\MovieMood\review_handler\review_handler.Integration.Test\bin\Debug\net7.0\fine-code-coverage\build-output\review_handler.Integration.Tests.runtimeconfig.json" --depsfile "D:\Documents\GitHub\MovieMood\review_handler\review_handler.Integration.Test\bin\Debug\net7.0\fine-code-coverage\build-output\review_handler.Integration.Tests.deps.json" --port 53384 --endpoint 127.0.0.1:053384 --role client --parentprocessid 13720 --diag "D:\Documents\GitHub\MovieMood\review_handler\review_handler.Integration.Test\bin\Debug\net7.0\fine-code-coverage\coverage-tool-output\diagnostics.host.23-12-16_15-54-44_80430_5.log" --tracelevel 4 --datacollectionport 53383 --telemetryoptedin false'
TpTrace Verbose: 0 : 13720, 5, 2023/12/16, 15:54:44.812, 221687852191, vstest.console.dll, MulticastDelegateUtilities.SafeInvoke: HostProviderEvents.OnHostLaunched: Invoking callback 1/2 for Microsoft.VisualStudio.TestPlatform.CrossPlatEngine.Client.ProxyExecutionManagerWithDataCollection., took 1 ms.
TpTrace Verbose: 0 : 13720, 5, 2023/12/16, 15:54:44.812, 221687854792, vstest.console.dll, Test Runtime launched
TpTrace Verbose: 0 : 13720, 5, 2023/12/16, 15:54:44.812, 221687855478, vstest.console.dll, MulticastDelegateUtilities.SafeInvoke: HostProviderEvents.OnHostLaunched: Invoking callback 2/2 for Microsoft.VisualStudio.TestPlatform.CrossPlatEngine.Client.ProxyOperationManager., took 0 ms.
TpTrace Verbose: 0 : 13720, 5, 2023/12/16, 15:54:44.812, 221687856844, vstest.console.dll, TestRequestSender.WaitForRequestHandlerConnection: waiting for connection with timeout: 90000.
TpTrace Verbose: 0 : 13720, 5, 2023/12/16, 15:54:44.999, 221689722234, vstest.console.dll, TestRequestSender.WaitForRequestHandlerConnection: waiting took 186 ms, with timeout 90000 ms, and result 0, which is success.
TpTrace Verbose: 0 : 13720, 7, 2023/12/16, 15:54:44.999, 221689722234, vstest.console.dll, MulticastDelegateUtilities.SafeInvoke: SocketServer: ClientConnected: Invoking callback 1/1 for Microsoft.VisualStudio.TestPlatform.CommunicationUtilities.TestRequestSender., took 0 ms.
TpTrace Verbose: 0 : 13720, 7, 2023/12/16, 15:54:44.999, 221689724066, vstest.console.dll, SocketServer.OnClientConnected: Client connected for endPoint: 127.0.0.1:53384, starting MessageLoopAsync:
TpTrace Verbose: 0 : 13720, 7, 2023/12/16, 15:54:44.999, 221689726423, vstest.console.dll, TcpClientExtensions.MessageLoopAsync: Polling on remoteEndPoint: 127.0.0.1:53385 localEndPoint: 127.0.0.1:53384
TpTrace Verbose: 0 : 13720, 5, 2023/12/16, 15:54:45.000, 221689731058, vstest.console.dll, TestRequestSender.CheckVersionWithTestHost: Sending check version message: {"MessageType":"ProtocolVersion","Payload":7}
TpTrace Verbose: 0 : 13720, 7, 2023/12/16, 15:54:45.129, 221691025638, vstest.console.dll, TcpClientExtensions.MessageLoopAsync: NotifyDataAvailable remoteEndPoint: 127.0.0.1:53385 localEndPoint: 127.0.0.1:53384
TpTrace Verbose: 0 : 13720, 7, 2023/12/16, 15:54:45.129, 221691027520, vstest.console.dll, TestRequestSender.CheckVersionWithTestHost: onMessageReceived received message: (ProtocolVersion) -> {"MessageType":"ProtocolVersion","Payload":7}
TpTrace Verbose: 0 : 13720, 7, 2023/12/16, 15:54:45.130, 221691033108, vstest.console.dll, MulticastDelegateUtilities.SafeInvoke: LengthPrefixCommunicationChannel: MessageReceived: Invoking callback 1/1 for Microsoft.VisualStudio.TestPlatform.CommunicationUtilities.TestRequestSender+<>c__DisplayClass29_0., took 0 ms.
TpTrace Verbose: 0 : 13720, 7, 2023/12/16, 15:54:45.130, 221691034007, vstest.console.dll, TcpClientExtensions.MessageLoopAsync: Polling on remoteEndPoint: 127.0.0.1:53385 localEndPoint: 127.0.0.1:53384
TpTrace Verbose: 0 : 13720, 5, 2023/12/16, 15:54:45.130, 221691033979, vstest.console.dll, TestPluginCache.GetExtensionPaths: Filtered extension paths: 
TpTrace Verbose: 0 : 13720, 5, 2023/12/16, 15:54:45.130, 221691035308, vstest.console.dll, TestPluginCache.GetExtensionPaths: Added default extension paths: C:\Program Files\dotnet\sdk\7.0.304\Extensions\Microsoft.Diagnostics.NETCore.Client.dll
C:\Program Files\dotnet\sdk\7.0.304\Extensions\Microsoft.TestPlatform.Extensions.BlameDataCollector.dll
C:\Program Files\dotnet\sdk\7.0.304\Extensions\Microsoft.TestPlatform.Extensions.EventLogCollector.dll
C:\Program Files\dotnet\sdk\7.0.304\Extensions\Microsoft.TestPlatform.TestHostRuntimeProvider.dll
C:\Program Files\dotnet\sdk\7.0.304\Extensions\Microsoft.VisualStudio.TestPlatform.Extensions.Html.TestLogger.dll
C:\Program Files\dotnet\sdk\7.0.304\Extensions\Microsoft.VisualStudio.TestPlatform.Extensions.Trx.TestLogger.dll
TpTrace Verbose: 0 : 13720, 5, 2023/12/16, 15:54:45.130, 221691035722, vstest.console.dll, TestPluginCache.GetExtensionPaths: Added unfilterableExtensionPaths: 
TpTrace Verbose: 0 : 13720, 5, 2023/12/16, 15:54:45.134, 221691069922, vstest.console.dll, TestRequestSender.InitializeExecution: Sending initialize execution with message: {"Version":7,"MessageType":"TestExecution.Initialize","Payload":["D:\\Documents\\GitHub\\MovieMood\\review_handler\\review_handler.Integration.Test\\bin\\Debug\\net7.0\\fine-code-coverage\\build-output\\xunit.runner.visualstudio.dotnetcore.testadapter.dll"]}
TpTrace Verbose: 0 : 13720, 5, 2023/12/16, 15:54:45.134, 221691072149, vstest.console.dll, ParallelProxyExecutionManager: Execution started. Started clients: 1
TpTrace Verbose: 0 : 13720, 5, 2023/12/16, 15:54:45.134, 221691074857, vstest.console.dll, TestRunRequest:SendTestRunMessage: Starting.
TpTrace Verbose: 0 : 13720, 5, 2023/12/16, 15:54:45.134, 221691076497, vstest.console.dll, MulticastDelegateUtilities.SafeInvoke: TestRun.LogMessages: Invoking callback 1/1 for Microsoft.VisualStudio.TestPlatform.CommandLine.TestRunResultAggregator., took 0 ms.
TpTrace Information: 0 : 13720, 5, 2023/12/16, 15:54:45.134, 221691076963, vstest.console.dll, TestRunRequest:SendTestRunMessage: Completed.
TpTrace Verbose: 0 : 13720, 4, 2023/12/16, 15:54:45.135, 221691078350, vstest.console.dll, MulticastDelegateUtilities.SafeInvoke: InternalTestLoggerEvents.SendTestRunMessage: Invoking callback 1/1 for Microsoft.VisualStudio.TestPlatform.CommandLine.Internal.ConsoleLogger., took 0 ms.
TpTrace Warning: 0 : 13720, 5, 2023/12/16, 15:54:45.135, 221691081568, vstest.console.dll, InferRunSettingsHelper.MakeRunsettingsCompatible: Removing the following settings: TargetPlatform from RunSettings file. To use those settings please move to latest version of Microsoft.NET.Test.Sdk
TpTrace Verbose: 0 : 13720, 7, 2023/12/16, 15:54:45.135, 221691086223, vstest.console.dll, TcpClientExtensions.MessageLoopAsync: NotifyDataAvailable remoteEndPoint: 127.0.0.1:53385 localEndPoint: 127.0.0.1:53384
TpTrace Verbose: 0 : 13720, 7, 2023/12/16, 15:54:45.136, 221691089513, vstest.console.dll, TestRequestSender.OnExecutionMessageReceived: Received message: {"Version":7,"MessageType":"TestSession.Message","Payload":{"MessageLevel":0,"Message":"Logging TestHost Diagnostics in file: D:\\Documents\\GitHub\\MovieMood\\review_handler\\review_handler.Integration.Test\\bin\\Debug\\net7.0\\fine-code-coverage\\coverage-tool-output\\diagnostics.host.23-12-16_15-54-44_80430_5.log"}}
TpTrace Verbose: 0 : 13720, 7, 2023/12/16, 15:54:45.138, 221691113497, vstest.console.dll, TestRunRequest:SendTestRunMessage: Starting.
TpTrace Verbose: 0 : 13720, 7, 2023/12/16, 15:54:45.138, 221691115925, vstest.console.dll, MulticastDelegateUtilities.SafeInvoke: TestRun.LogMessages: Invoking callback 1/1 for Microsoft.VisualStudio.TestPlatform.CommandLine.TestRunResultAggregator., took 0 ms.
TpTrace Verbose: 0 : 13720, 4, 2023/12/16, 15:54:45.138, 221691116345, vstest.console.dll, MulticastDelegateUtilities.SafeInvoke: InternalTestLoggerEvents.SendTestRunMessage: Invoking callback 1/1 for Microsoft.VisualStudio.TestPlatform.CommandLine.Internal.ConsoleLogger., took 0 ms.
TpTrace Information: 0 : 13720, 7, 2023/12/16, 15:54:45.138, 221691116521, vstest.console.dll, TestRunRequest:SendTestRunMessage: Completed.
TpTrace Verbose: 0 : 13720, 7, 2023/12/16, 15:54:45.139, 221691118491, vstest.console.dll, MulticastDelegateUtilities.SafeInvoke: LengthPrefixCommunicationChannel: MessageReceived: Invoking callback 1/1 for Microsoft.VisualStudio.TestPlatform.CommunicationUtilities.TestRequestSender+<>c__DisplayClass34_0., took 3 ms.
TpTrace Verbose: 0 : 13720, 7, 2023/12/16, 15:54:45.139, 221691118935, vstest.console.dll, TcpClientExtensions.MessageLoopAsync: Polling on remoteEndPoint: 127.0.0.1:53385 localEndPoint: 127.0.0.1:53384
TpTrace Verbose: 0 : 13720, 5, 2023/12/16, 15:54:45.142, 221691152164, vstest.console.dll, TestRequestSender.StartTestRun: Sending test run with message: {"Version":7,"MessageType":"TestExecution.StartWithSources","Payload":{"AdapterSourceMap":{"_none_":["D:\\Documents\\GitHub\\MovieMood\\review_handler\\review_handler.Integration.Test\\bin\\Debug\\net7.0\\fine-code-coverage\\build-output\\review_handler.Integration.Tests.dll"]},"RunSettings":"<RunSettings>\r\n  <RunConfiguration>\r\n    <ResultsDirectory>D:\\Documents\\GitHub\\MovieMood\\review_handler\\review_handler.Integration.Test\\bin\\Debug\\net7.0\\fine-code-coverage\\coverage-tool-output</ResultsDirectory>\r\n    <TargetFrameworkVersion>.NETCoreApp,Version=v7.0</TargetFrameworkVersion>\r\n    <DesignMode>False</DesignMode>\r\n    <CollectSourceInformation>False</CollectSourceInformation>\r\n  </RunConfiguration>\r\n  <LoggerRunSettings>\r\n    <Loggers>\r\n      <Logger friendlyName=\"blame\" enabled=\"True\" />\r\n      <Logger friendlyName=\"Console\" uri=\"logger://microsoft/TestPlatform/ConsoleLogger/v1\" assemblyQualifiedName=\"Microsoft.VisualStudio.TestPlatform.CommandLine.Internal.ConsoleLogger, vstest.console, Version=15.0.0.0, Culture=neutral, PublicKeyToken=b03f5f7f11d50a3a\" codeBase=\"C:\\Program Files\\dotnet\\sdk\\7.0.304\\vstest.console.dll\" enabled=\"True\" />\r\n    </Loggers>\r\n  </LoggerRunSettings>\r\n  <DataCollectionRunSettings>\r\n    <DataCollectors>\r\n      <DataCollector friendlyName=\"blame\" enabled=\"True\">\r\n        <Configuration>\r\n          <ResultsDirectory>D:\\Documents\\GitHub\\MovieMood\\review_handler\\review_handler.Integration.Test\\bin\\Debug\\net7.0\\fine-code-coverage\\coverage-tool-output</ResultsDirectory>\r\n        </Configuration>\r\n      </DataCollector>\r\n    </DataCollectors>\r\n  </DataCollectionRunSettings>\r\n</RunSettings>","TestExecutionContext":{"FrequencyOfRunStatsChangeEvent":10,"RunStatsChangeEventTimeout":"00:00:01.5000000","InIsolation":false,"KeepAlive":false,"AreTestCaseLevelEventsRequired":false,"IsDebug":false,"TestCaseFilter":null,"FilterOptions":null},"Package":null}}
TpTrace Verbose: 0 : 13720, 7, 2023/12/16, 15:54:45.280, 221692535527, vstest.console.dll, TcpClientExtensions.MessageLoopAsync: NotifyDataAvailable remoteEndPoint: 127.0.0.1:53385 localEndPoint: 127.0.0.1:53384
TpTrace Verbose: 0 : 13720, 7, 2023/12/16, 15:54:45.280, 221692536919, vstest.console.dll, TestRequestSender.OnExecutionMessageReceived: Received message: {"Version":7,"MessageType":"TestSession.Message","Payload":{"MessageLevel":0,"Message":"[xUnit.net 00:00:00.00] xUnit.net VSTest Adapter v2.5.5+28b46ff510 (64-bit .NET 7.0.7)"}}
TpTrace Verbose: 0 : 13720, 7, 2023/12/16, 15:54:45.281, 221692539393, vstest.console.dll, TestRunRequest:SendTestRunMessage: Starting.
TpTrace Verbose: 0 : 13720, 7, 2023/12/16, 15:54:45.281, 221692540298, vstest.console.dll, MulticastDelegateUtilities.SafeInvoke: TestRun.LogMessages: Invoking callback 1/1 for Microsoft.VisualStudio.TestPlatform.CommandLine.TestRunResultAggregator., took 0 ms.
TpTrace Information: 0 : 13720, 7, 2023/12/16, 15:54:45.281, 221692540685, vstest.console.dll, TestRunRequest:SendTestRunMessage: Completed.
TpTrace Verbose: 0 : 13720, 4, 2023/12/16, 15:54:45.281, 221692540728, vstest.console.dll, MulticastDelegateUtilities.SafeInvoke: InternalTestLoggerEvents.SendTestRunMessage: Invoking callback 1/1 for Microsoft.VisualStudio.TestPlatform.CommandLine.Internal.ConsoleLogger., took 0 ms.
TpTrace Verbose: 0 : 13720, 7, 2023/12/16, 15:54:45.281, 221692541024, vstest.console.dll, MulticastDelegateUtilities.SafeInvoke: LengthPrefixCommunicationChannel: MessageReceived: Invoking callback 1/1 for Microsoft.VisualStudio.TestPlatform.CommunicationUtilities.TestRequestSender+<>c__DisplayClass34_0., took 0 ms.
TpTrace Verbose: 0 : 13720, 7, 2023/12/16, 15:54:45.281, 221692542819, vstest.console.dll, TcpClientExtensions.MessageLoopAsync: Polling on remoteEndPoint: 127.0.0.1:53385 localEndPoint: 127.0.0.1:53384
TpTrace Verbose: 0 : 13720, 7, 2023/12/16, 15:54:45.385, 221693587790, vstest.console.dll, TcpClientExtensions.MessageLoopAsync: NotifyDataAvailable remoteEndPoint: 127.0.0.1:53385 localEndPoint: 127.0.0.1:53384
TpTrace Verbose: 0 : 13720, 7, 2023/12/16, 15:54:45.386, 221693589212, vstest.console.dll, TestRequestSender.OnExecutionMessageReceived: Received message: {"Version":7,"MessageType":"TestSession.Message","Payload":{"MessageLevel":0,"Message":"[xUnit.net 00:00:00.10]   Discovering: review_handler.Integration.Tests"}}
TpTrace Verbose: 0 : 13720, 7, 2023/12/16, 15:54:45.386, 221693590452, vstest.console.dll, TestRunRequest:SendTestRunMessage: Starting.
TpTrace Verbose: 0 : 13720, 7, 2023/12/16, 15:54:45.386, 221693591276, vstest.console.dll, MulticastDelegateUtilities.SafeInvoke: TestRun.LogMessages: Invoking callback 1/1 for Microsoft.VisualStudio.TestPlatform.CommandLine.TestRunResultAggregator., took 0 ms.
TpTrace Information: 0 : 13720, 7, 2023/12/16, 15:54:45.386, 221693591634, vstest.console.dll, TestRunRequest:SendTestRunMessage: Completed.
TpTrace Verbose: 0 : 13720, 4, 2023/12/16, 15:54:45.386, 221693591763, vstest.console.dll, MulticastDelegateUtilities.SafeInvoke: InternalTestLoggerEvents.SendTestRunMessage: Invoking callback 1/1 for Microsoft.VisualStudio.TestPlatform.CommandLine.Internal.ConsoleLogger., took 0 ms.
TpTrace Verbose: 0 : 13720, 7, 2023/12/16, 15:54:45.386, 221693591930, vstest.console.dll, MulticastDelegateUtilities.SafeInvoke: LengthPrefixCommunicationChannel: MessageReceived: Invoking callback 1/1 for Microsoft.VisualStudio.TestPlatform.CommunicationUtilities.TestRequestSender+<>c__DisplayClass34_0., took 0 ms.
TpTrace Verbose: 0 : 13720, 7, 2023/12/16, 15:54:45.386, 221693593691, vstest.console.dll, TcpClientExtensions.MessageLoopAsync: Polling on remoteEndPoint: 127.0.0.1:53385 localEndPoint: 127.0.0.1:53384
TpTrace Verbose: 0 : 13720, 7, 2023/12/16, 15:54:45.429, 221694021632, vstest.console.dll, TcpClientExtensions.MessageLoopAsync: NotifyDataAvailable remoteEndPoint: 127.0.0.1:53385 localEndPoint: 127.0.0.1:53384
TpTrace Verbose: 0 : 13720, 7, 2023/12/16, 15:54:45.429, 221694023057, vstest.console.dll, TestRequestSender.OnExecutionMessageReceived: Received message: {"Version":7,"MessageType":"TestSession.Message","Payload":{"MessageLevel":0,"Message":"[xUnit.net 00:00:00.15]   Discovered:  review_handler.Integration.Tests"}}
TpTrace Verbose: 0 : 13720, 7, 2023/12/16, 15:54:45.429, 221694024222, vstest.console.dll, TestRunRequest:SendTestRunMessage: Starting.
TpTrace Verbose: 0 : 13720, 7, 2023/12/16, 15:54:45.429, 221694025054, vstest.console.dll, MulticastDelegateUtilities.SafeInvoke: TestRun.LogMessages: Invoking callback 1/1 for Microsoft.VisualStudio.TestPlatform.CommandLine.TestRunResultAggregator., took 0 ms.
TpTrace Information: 0 : 13720, 7, 2023/12/16, 15:54:45.429, 221694025400, vstest.console.dll, TestRunRequest:SendTestRunMessage: Completed.
TpTrace Verbose: 0 : 13720, 4, 2023/12/16, 15:54:45.429, 221694025504, vstest.console.dll, MulticastDelegateUtilities.SafeInvoke: InternalTestLoggerEvents.SendTestRunMessage: Invoking callback 1/1 for Microsoft.VisualStudio.TestPlatform.CommandLine.Internal.ConsoleLogger., took 0 ms.
TpTrace Verbose: 0 : 13720, 7, 2023/12/16, 15:54:45.429, 221694025771, vstest.console.dll, MulticastDelegateUtilities.SafeInvoke: LengthPrefixCommunicationChannel: MessageReceived: Invoking callback 1/1 for Microsoft.VisualStudio.TestPlatform.CommunicationUtilities.TestRequestSender+<>c__DisplayClass34_0., took 0 ms.
TpTrace Verbose: 0 : 13720, 7, 2023/12/16, 15:54:45.429, 221694027103, vstest.console.dll, TcpClientExtensions.MessageLoopAsync: Polling on remoteEndPoint: 127.0.0.1:53385 localEndPoint: 127.0.0.1:53384
TpTrace Verbose: 0 : 13720, 7, 2023/12/16, 15:54:45.433, 221694060569, vstest.console.dll, TcpClientExtensions.MessageLoopAsync: NotifyDataAvailable remoteEndPoint: 127.0.0.1:53385 localEndPoint: 127.0.0.1:53384
TpTrace Verbose: 0 : 13720, 7, 2023/12/16, 15:54:45.433, 221694062105, vstest.console.dll, TestRequestSender.OnExecutionMessageReceived: Received message: {"Version":7,"MessageType":"TestSession.Message","Payload":{"MessageLevel":0,"Message":"[xUnit.net 00:00:00.15]   Starting:    review_handler.Integration.Tests"}}
TpTrace Verbose: 0 : 13720, 7, 2023/12/16, 15:54:45.433, 221694063286, vstest.console.dll, TestRunRequest:SendTestRunMessage: Starting.
TpTrace Verbose: 0 : 13720, 7, 2023/12/16, 15:54:45.433, 221694064128, vstest.console.dll, MulticastDelegateUtilities.SafeInvoke: TestRun.LogMessages: Invoking callback 1/1 for Microsoft.VisualStudio.TestPlatform.CommandLine.TestRunResultAggregator., took 0 ms.
TpTrace Information: 0 : 13720, 7, 2023/12/16, 15:54:45.433, 221694064466, vstest.console.dll, TestRunRequest:SendTestRunMessage: Completed.
TpTrace Verbose: 0 : 13720, 4, 2023/12/16, 15:54:45.433, 221694064551, vstest.console.dll, MulticastDelegateUtilities.SafeInvoke: InternalTestLoggerEvents.SendTestRunMessage: Invoking callback 1/1 for Microsoft.VisualStudio.TestPlatform.CommandLine.Internal.ConsoleLogger., took 0 ms.
TpTrace Verbose: 0 : 13720, 7, 2023/12/16, 15:54:45.433, 221694064812, vstest.console.dll, MulticastDelegateUtilities.SafeInvoke: LengthPrefixCommunicationChannel: MessageReceived: Invoking callback 1/1 for Microsoft.VisualStudio.TestPlatform.CommunicationUtilities.TestRequestSender+<>c__DisplayClass34_0., took 0 ms.
TpTrace Verbose: 0 : 13720, 7, 2023/12/16, 15:54:45.433, 221694066019, vstest.console.dll, TcpClientExtensions.MessageLoopAsync: Polling on remoteEndPoint: 127.0.0.1:53385 localEndPoint: 127.0.0.1:53384
TpTrace Verbose: 0 : 13720, 7, 2023/12/16, 15:54:46.437, 221704099953, vstest.console.dll, TcpClientExtensions.MessageLoopAsync: Polling on remoteEndPoint: 127.0.0.1:53385 localEndPoint: 127.0.0.1:53384
TpTrace Verbose: 0 : 13720, 7, 2023/12/16, 15:54:46.736, 221707092739, vstest.console.dll, TcpClientExtensions.MessageLoopAsync: NotifyDataAvailable remoteEndPoint: 127.0.0.1:53385 localEndPoint: 127.0.0.1:53384
TpTrace Verbose: 0 : 13720, 7, 2023/12/16, 15:54:46.736, 221707094272, vstest.console.dll, TestRequestSender.OnExecutionMessageReceived: Received message: {"Version":7,"MessageType":"TestExecution.StatsChange","Payload":{"NewTestResults":[],"TestRunStatistics":{"ExecutedTests":0,"Stats":{}},"ActiveTests":[{"Id":"5961a425-d197-f5b2-efcd-77df7cd8c246","FullyQualifiedName":"review_handler.Integration.Tests.ReviewTests.When_DeleteReviewWithInvalidId_Then_ShouldReturnNotFound","DisplayName":"review_handler.Integration.Tests.ReviewTests.When_DeleteReviewWithInvalidId_Then_ShouldReturnNotFound","ExecutorUri":"executor://xunit/VsTestRunner2/netcoreapp","Source":"D:\\Documents\\GitHub\\MovieMood\\review_handler\\review_handler.Integration.Test\\bin\\Debug\\net7.0\\fine-code-coverage\\build-output\\review_handler.Integration.Tests.dll","CodeFilePath":null,"LineNumber":0,"Properties":[]}]}}
TpTrace Verbose: 0 : 13720, 7, 2023/12/16, 15:54:46.749, 221707224119, vstest.console.dll, TestRunRequest:SendTestRunStatsChange: Starting.
TpTrace Verbose: 0 : 13720, 7, 2023/12/16, 15:54:46.749, 221707226404, vstest.console.dll, InProgress is review_handler.Integration.Tests.ReviewTests.When_DeleteReviewWithInvalidId_Then_ShouldReturnNotFound
TpTrace Verbose: 0 : 13720, 7, 2023/12/16, 15:54:46.749, 221707227917, vstest.console.dll, MulticastDelegateUtilities.SafeInvoke: TestRun.RunStatsChanged: Invoking callbacks was skipped because there are no subscribers.
TpTrace Information: 0 : 13720, 7, 2023/12/16, 15:54:46.749, 221707228261, vstest.console.dll, TestRunRequest:SendTestRunStatsChange: Completed.
TpTrace Verbose: 0 : 13720, 7, 2023/12/16, 15:54:46.750, 221707228555, vstest.console.dll, MulticastDelegateUtilities.SafeInvoke: LengthPrefixCommunicationChannel: MessageReceived: Invoking callback 1/1 for Microsoft.VisualStudio.TestPlatform.CommunicationUtilities.TestRequestSender+<>c__DisplayClass34_0., took 13 ms.
TpTrace Verbose: 0 : 13720, 7, 2023/12/16, 15:54:46.750, 221707228839, vstest.console.dll, TcpClientExtensions.MessageLoopAsync: Polling on remoteEndPoint: 127.0.0.1:53385 localEndPoint: 127.0.0.1:53384
TpTrace Verbose: 0 : 13720, 7, 2023/12/16, 15:54:47.755, 221717288187, vstest.console.dll, TcpClientExtensions.MessageLoopAsync: Polling on remoteEndPoint: 127.0.0.1:53385 localEndPoint: 127.0.0.1:53384
TpTrace Verbose: 0 : 13720, 7, 2023/12/16, 15:54:48.165, 221721378751, vstest.console.dll, TcpClientExtensions.MessageLoopAsync: NotifyDataAvailable remoteEndPoint: 127.0.0.1:53385 localEndPoint: 127.0.0.1:53384
TpTrace Verbose: 0 : 13720, 7, 2023/12/16, 15:54:48.165, 221721380124, vstest.console.dll, TestRequestSender.OnExecutionMessageReceived: Received message: {"Version":7,"MessageType":"TestSession.Message","Payload":{"MessageLevel":0,"Message":"[xUnit.net 00:00:02.88]   Finished:    review_handler.Integration.Tests"}}
TpTrace Verbose: 0 : 13720, 7, 2023/12/16, 15:54:48.165, 221721381159, vstest.console.dll, TestRunRequest:SendTestRunMessage: Starting.
TpTrace Verbose: 0 : 13720, 7, 2023/12/16, 15:54:48.165, 221721381710, vstest.console.dll, MulticastDelegateUtilities.SafeInvoke: TestRun.LogMessages: Invoking callback 1/1 for Microsoft.VisualStudio.TestPlatform.CommandLine.TestRunResultAggregator., took 0 ms.
TpTrace Information: 0 : 13720, 7, 2023/12/16, 15:54:48.165, 221721381998, vstest.console.dll, TestRunRequest:SendTestRunMessage: Completed.
TpTrace Verbose: 0 : 13720, 7, 2023/12/16, 15:54:48.165, 221721382267, vstest.console.dll, MulticastDelegateUtilities.SafeInvoke: LengthPrefixCommunicationChannel: MessageReceived: Invoking callback 1/1 for Microsoft.VisualStudio.TestPlatform.CommunicationUtilities.TestRequestSender+<>c__DisplayClass34_0., took 0 ms.
TpTrace Verbose: 0 : 13720, 4, 2023/12/16, 15:54:48.165, 221721382432, vstest.console.dll, MulticastDelegateUtilities.SafeInvoke: InternalTestLoggerEvents.SendTestRunMessage: Invoking callback 1/1 for Microsoft.VisualStudio.TestPlatform.CommandLine.Internal.ConsoleLogger., took 0 ms.
TpTrace Verbose: 0 : 13720, 7, 2023/12/16, 15:54:48.165, 221721382558, vstest.console.dll, TcpClientExtensions.MessageLoopAsync: Polling on remoteEndPoint: 127.0.0.1:53385 localEndPoint: 127.0.0.1:53384
TpTrace Verbose: 0 : 13720, 7, 2023/12/16, 15:54:48.187, 221721601674, vstest.console.dll, TcpClientExtensions.MessageLoopAsync: NotifyDataAvailable remoteEndPoint: 127.0.0.1:53385 localEndPoint: 127.0.0.1:53384
TpTrace Verbose: 0 : 13720, 7, 2023/12/16, 15:54:48.187, 221721604448, vstest.console.dll, TestRequestSender.OnExecutionMessageReceived: Received message: {"Version":7,"MessageType":"TestExecution.Completed","Payload":{"TestRunCompleteArgs":{"TestRunStatistics":{"ExecutedTests":9,"Stats":{"Passed":9}},"IsCanceled":false,"IsAborted":false,"Error":null,"AttachmentSets":[],"InvokedDataCollectors":[],"ElapsedTimeInRunningTests":"00:00:02.8996313","Metrics":{},"DiscoveredExtensions":{"TestDiscoverers":["Xunit.Runner.VisualStudio.VsTestRunner, xunit.runner.visualstudio.dotnetcore.testadapter, Version=2.5.5.0, Culture=neutral, PublicKeyToken=null"],"TestExecutors":["executor://xunit/VsTestRunner2/netcoreapp"],"TestExecutors2":[],"TestSettingsProviders":[]}},"LastRunTests":{"NewTestResults":[{"TestCase":{"Id":"5961a425-d197-f5b2-efcd-77df7cd8c246","FullyQualifiedName":"review_handler.Integration.Tests.ReviewTests.When_DeleteReviewWithInvalidId_Then_ShouldReturnNotFound","DisplayName":"review_handler.Integration.Tests.ReviewTests.When_DeleteReviewWithInvalidId_Then_ShouldReturnNotFound","ExecutorUri":"executor://xunit/VsTestRunner2/netcoreapp","Source":"D:\\Documents\\GitHub\\MovieMood\\review_handler\\review_handler.Integration.Test\\bin\\Debug\\net7.0\\fine-code-coverage\\build-output\\review_handler.Integration.Tests.dll","CodeFilePath":null,"LineNumber":0,"Properties":[]},"Attachments":[],"Outcome":1,"ErrorMessage":null,"ErrorStackTrace":null,"DisplayName":"review_handler.Integration.Tests.ReviewTests.When_DeleteReviewWithInvalidId_Then_ShouldReturnNotFound","Messages":[],"ComputerName":"IOLAPTOP","Duration":"00:00:01.7228835","StartTime":"2023-12-16T13:54:47.2196416+00:00","EndTime":"2023-12-16T13:54:47.2196656+00:00","Properties":[]},{"TestCase":{"Id":"ddae5e99-7125-32d1-6e9b-920b65c23153","FullyQualifiedName":"review_handler.Integration.Tests.ReviewTests.When_CreateReview_Then_ShouldSaveIt","DisplayName":"review_handler.Integration.Tests.ReviewTests.When_CreateReview_Then_ShouldSaveIt","ExecutorUri":"executor://xunit/VsTestRunner2/netcoreapp","Source":"D:\\Documents\\GitHub\\MovieMood\\review_handler\\review_handler.Integration.Test\\bin\\Debug\\net7.0\\fine-code-coverage\\build-output\\review_handler.Integration.Tests.dll","CodeFilePath":null,"LineNumber":0,"Properties":[]},"Attachments":[],"Outcome":1,"ErrorMessage":null,"ErrorStackTrace":null,"DisplayName":"review_handler.Integration.Tests.ReviewTests.When_CreateReview_Then_ShouldSaveIt","Messages":[],"ComputerName":"IOLAPTOP","Duration":"00:00:00.4216505","StartTime":"2023-12-16T13:54:47.6432098+00:00","EndTime":"2023-12-16T13:54:47.64321+00:00","Properties":[]},{"TestCase":{"Id":"2b4c53b1-66a0-761e-7a40-b90a5bbb94e1","FullyQualifiedName":"review_handler.Integration.Tests.ReviewTests.When_UpdateReviewWithInvalidId_Then_ShouldReturnNotFound","DisplayName":"review_handler.Integration.Tests.ReviewTests.When_UpdateReviewWithInvalidId_Then_ShouldReturnNotFound","ExecutorUri":"executor://xunit/VsTestRunner2/netcoreapp","Source":"D:\\Documents\\GitHub\\MovieMood\\review_handler\\review_handler.Integration.Test\\bin\\Debug\\net7.0\\fine-code-coverage\\build-output\\review_handler.Integration.Tests.dll","CodeFilePath":null,"LineNumber":0,"Properties":[]},"Attachments":[],"Outcome":1,"ErrorMessage":null,"ErrorStackTrace":null,"DisplayName":"review_handler.Integration.Tests.ReviewTests.When_UpdateReviewWithInvalidId_Then_ShouldReturnNotFound","Messages":[],"ComputerName":"IOLAPTOP","Duration":"00:00:00.1623156","StartTime":"2023-12-16T13:54:47.8052492+00:00","EndTime":"2023-12-16T13:54:47.8052493+00:00","Properties":[]},{"TestCase":{"Id":"b630895a-dd00-7786-1058-ce7d491f67a1","FullyQualifiedName":"review_handler.Integration.Tests.ReviewTests.When_UpdateReview_Then_ShouldUpdateIt","DisplayName":"review_handler.Integration.Tests.ReviewTests.When_UpdateReview_Then_ShouldUpdateIt","ExecutorUri":"executor://xunit/VsTestRunner2/netcoreapp","Source":"D:\\Documents\\GitHub\\MovieMood\\review_handler\\review_handler.Integration.Test\\bin\\Debug\\net7.0\\fine-code-coverage\\build-output\\review_handler.Integration.Tests.dll","CodeFilePath":null,"LineNumber":0,"Properties":[]},"Attachments":[],"Outcome":1,"ErrorMessage":null,"ErrorStackTrace":null,"DisplayName":"review_handler.Integration.Tests.ReviewTests.When_UpdateReview_Then_ShouldUpdateIt","Messages":[],"ComputerName":"IOLAPTOP","Duration":"00:00:00.0750739","StartTime":"2023-12-16T13:54:47.8804744+00:00","EndTime":"2023-12-16T13:54:47.8804745+00:00","Properties":[]},{"TestCase":{"Id":"9f43ec7b-b391-43bb-e550-99d6a6eb7b81","FullyQualifiedName":"review_handler.Integration.Tests.ReviewTests.When_GetReviewByInvalidId_Then_ShouldReturnNotFound","DisplayName":"review_handler.Integration.Tests.ReviewTests.When_GetReviewByInvalidId_Then_ShouldReturnNotFound","ExecutorUri":"executor://xunit/VsTestRunner2/netcoreapp","Source":"D:\\Documents\\GitHub\\MovieMood\\review_handler\\review_handler.Integration.Test\\bin\\Debug\\net7.0\\fine-code-coverage\\build-output\\review_handler.Integration.Tests.dll","CodeFilePath":null,"LineNumber":0,"Properties":[]},"Attachments":[],"Outcome":1,"ErrorMessage":null,"ErrorStackTrace":null,"DisplayName":"review_handler.Integration.Tests.ReviewTests.When_GetReviewByInvalidId_Then_ShouldReturnNotFound","Messages":[],"ComputerName":"IOLAPTOP","Duration":"00:00:00.0372406","StartTime":"2023-12-16T13:54:47.9178463+00:00","EndTime":"2023-12-16T13:54:47.9178466+00:00","Properties":[]},{"TestCase":{"Id":"5e81c579-25ac-105d-ea42-4a6cf83bd6fe","FullyQualifiedName":"review_handler.Integration.Tests.ReviewTests.When_GetAllReviewsOfUser_Then_ShouldReturnThem","DisplayName":"review_handler.Integration.Tests.ReviewTests.When_GetAllReviewsOfUser_Then_ShouldReturnThem","ExecutorUri":"executor://xunit/VsTestRunner2/netcoreapp","Source":"D:\\Documents\\GitHub\\MovieMood\\review_handler\\review_handler.Integration.Test\\bin\\Debug\\net7.0\\fine-code-coverage\\build-output\\review_handler.Integration.Tests.dll","CodeFilePath":null,"LineNumber":0,"Properties":[]},"Attachments":[],"Outcome":1,"ErrorMessage":null,"ErrorStackTrace":null,"DisplayName":"review_handler.Integration.Tests.ReviewTests.When_GetAllReviewsOfUser_Then_ShouldReturnThem","Messages":[],"ComputerName":"IOLAPTOP","Duration":"00:00:00.0832036","StartTime":"2023-12-16T13:54:48.0012381+00:00","EndTime":"2023-12-16T13:54:48.0012383+00:00","Properties":[]},{"TestCase":{"Id":"c318ed91-6413-7221-bc43-9b1a3f91b1e6","FullyQualifiedName":"review_handler.Integration.Tests.ReviewTests.When_GetReviewById_Then_ShouldReturnIt","DisplayName":"review_handler.Integration.Tests.ReviewTests.When_GetReviewById_Then_ShouldReturnIt","ExecutorUri":"executor://xunit/VsTestRunner2/netcoreapp","Source":"D:\\Documents\\GitHub\\MovieMood\\review_handler\\review_handler.Integration.Test\\bin\\Debug\\net7.0\\fine-code-coverage\\build-output\\review_handler.Integration.Tests.dll","CodeFilePath":null,"LineNumber":0,"Properties":[]},"Attachments":[],"Outcome":1,"ErrorMessage":null,"ErrorStackTrace":null,"DisplayName":"review_handler.Integration.Tests.ReviewTests.When_GetReviewById_Then_ShouldReturnIt","Messages":[],"ComputerName":"IOLAPTOP","Duration":"00:00:00.0472908","StartTime":"2023-12-16T13:54:48.0486881+00:00","EndTime":"2023-12-16T13:54:48.0486883+00:00","Properties":[]},{"TestCase":{"Id":"b02d5d3a-a98d-c403-a345-37dd16b462fe","FullyQualifiedName":"review_handler.Integration.Tests.ReviewTests.When_DeleteReview_Then_ShouldDeleteIt","DisplayName":"review_handler.Integration.Tests.ReviewTests.When_DeleteReview_Then_ShouldDeleteIt","ExecutorUri":"executor://xunit/VsTestRunner2/netcoreapp","Source":"D:\\Documents\\GitHub\\MovieMood\\review_handler\\review_handler.Integration.Test\\bin\\Debug\\net7.0\\fine-code-coverage\\build-output\\review_handler.Integration.Tests.dll","CodeFilePath":null,"LineNumber":0,"Properties":[]},"Attachments":[],"Outcome":1,"ErrorMessage":null,"ErrorStackTrace":null,"DisplayName":"review_handler.Integration.Tests.ReviewTests.When_DeleteReview_Then_ShouldDeleteIt","Messages":[],"ComputerName":"IOLAPTOP","Duration":"00:00:00.0444876","StartTime":"2023-12-16T13:54:48.0932556+00:00","EndTime":"2023-12-16T13:54:48.0932558+00:00","Properties":[]},{"TestCase":{"Id":"1ff500c1-b42a-8ced-b917-01d045e0b1b3","FullyQualifiedName":"review_handler.Integration.Tests.ReviewTests.When_GetAllReviewsOfMovie_Then_ShouldReturnThem","DisplayName":"review_handler.Integration.Tests.ReviewTests.When_GetAllReviewsOfMovie_Then_ShouldReturnThem","ExecutorUri":"executor://xunit/VsTestRunner2/netcoreapp","Source":"D:\\Documents\\GitHub\\MovieMood\\review_handler\\review_handler.Integration.Test\\bin\\Debug\\net7.0\\fine-code-coverage\\build-output\\review_handler.Integration.Tests.dll","CodeFilePath":null,"LineNumber":0,"Properties":[]},"Attachments":[],"Outcome":1,"ErrorMessage":null,"ErrorStackTrace":null,"DisplayName":"review_handler.Integration.Tests.ReviewTests.When_GetAllReviewsOfMovie_Then_ShouldReturnThem","Messages":[],"ComputerName":"IOLAPTOP","Duration":"00:00:00.0617981","StartTime":"2023-12-16T13:54:48.1552023+00:00","EndTime":"2023-12-16T13:54:48.1552025+00:00","Properties":[]}],"TestRunStatistics":{"ExecutedTests":9,"Stats":{"Passed":9}},"ActiveTests":[]},"RunAttachments":[],"ExecutorUris":["executor://xunit/VsTestRunner2/netcoreapp"]}}
TpTrace Verbose: 0 : 13720, 7, 2023/12/16, 15:54:48.187, 221721605833, vstest.console.dll, TestRequestSender.EndSession: Sending end session.
TpTrace Verbose: 0 : 13720, 7, 2023/12/16, 15:54:48.187, 221721607497, vstest.console.dll, ProxyOperationManager.Close: waiting for test host to exit for 100 ms
TpTrace Warning: 0 : 13720, 11, 2023/12/16, 15:54:48.221, 221721941687, vstest.console.dll, TestHostManagerCallbacks.ErrorReceivedCallback Test host standard error line: 
TpTrace Verbose: 0 : 13720, 11, 2023/12/16, 15:54:48.239, 221722125754, vstest.console.dll, TestHostProvider.ExitCallBack: Host exited starting callback.
TpTrace Information: 0 : 13720, 11, 2023/12/16, 15:54:48.239, 221722127431, vstest.console.dll, TestHostManagerCallbacks.ExitCallBack: Testhost processId: 21160 exited with exitcode: 0 error: ''
TpTrace Verbose: 0 : 13720, 11, 2023/12/16, 15:54:48.239, 221722127864, vstest.console.dll, DotnetTestHostManager.OnHostExited: invoking OnHostExited callback
TpTrace Verbose: 0 : 13720, 11, 2023/12/16, 15:54:48.240, 221722128454, vstest.console.dll, CrossPlatEngine.TestHostManagerHostExited: calling on client process exit callback.
TpTrace Information: 0 : 13720, 11, 2023/12/16, 15:54:48.240, 221722129138, vstest.console.dll, TestRequestSender.OnClientProcessExit: Test host process exited. Standard error: 
TpTrace Information: 0 : 13720, 11, 2023/12/16, 15:54:48.240, 221722129511, vstest.console.dll, SocketServer.Stop: Stop server endPoint: 127.0.0.1:53384
TpTrace Information: 0 : 13720, 11, 2023/12/16, 15:54:48.240, 221722129835, vstest.console.dll, SocketServer.Stop: Cancellation requested. Stopping message loop.
TpTrace Information: 0 : 13720, 7, 2023/12/16, 15:54:48.240, 221722130611, vstest.console.dll, SocketServer.Stop: Stop server endPoint: 127.0.0.1:53384
TpTrace Information: 0 : 13720, 7, 2023/12/16, 15:54:48.240, 221722131230, vstest.console.dll, SocketServer.Stop: Cancellation requested. Stopping message loop.
TpTrace Verbose: 0 : 13720, 11, 2023/12/16, 15:54:48.240, 221722130768, vstest.console.dll, MulticastDelegateUtilities.SafeInvoke: HostProviderEvents.OnHostExited: Invoking callback 1/1 for Microsoft.VisualStudio.TestPlatform.CrossPlatEngine.Client.ProxyOperationManager., took 0 ms.
TpTrace Information: 0 : 13720, 7, 2023/12/16, 15:54:48.240, 221722131688, vstest.console.dll, Closing the connection
TpTrace Verbose: 0 : 13720, 7, 2023/12/16, 15:54:48.240, 221722134227, vstest.console.dll, ProxyDataCollectionManager.InvokeDataCollectionServiceAction: Starting.
TpTrace Information: 0 : 13720, 7, 2023/12/16, 15:54:48.240, 221722134718, vstest.console.dll, ProxyDataCollectionManager.AfterTestRunEnd: Get attachment set and invoked data collectors processId: 21208 port: 53381
TpTrace Verbose: 0 : 13720, 7, 2023/12/16, 15:54:48.240, 221722135162, vstest.console.dll, DataCollectionRequestSender.SendAfterTestRunStartAndGetResult: Send AfterTestRunEnd message with isCancelled: False
TpTrace Verbose: 0 : 13720, 7, 2023/12/16, 15:54:48.247, 221722207689, vstest.console.dll, DataCollectionRequestSender.SendAfterTestRunStartAndGetResult: Received message: (DataCollection.AfterTestRunEndResult) -> {"MessageType":"DataCollection.AfterTestRunEndResult","Payload":{"AttachmentSets":[],"InvokedDataCollectors":[{"Uri":"datacollector://Microsoft/TestPlatform/Extensions/Blame/v1","FriendlyName":"Blame","AssemblyQualifiedName":"Microsoft.TestPlatform.Extensions.BlameDataCollector.BlameCollector, Microsoft.TestPlatform.Extensions.BlameDataCollector, Version=15.0.0.0, Culture=neutral, PublicKeyToken=b03f5f7f11d50a3a","FilePath":"C:\\Program Files\\dotnet\\sdk\\7.0.304\\Extensions\\Microsoft.TestPlatform.Extensions.BlameDataCollector.dll","HasAttachmentProcessor":false}],"Metrics":{}}}
TpTrace Information: 0 : 13720, 7, 2023/12/16, 15:54:48.254, 221722268993, vstest.console.dll, ProxyDataCollectionManager.InvokeDataCollectionServiceAction: Completed.
TpTrace Warning: 0 : 13720, 10, 2023/12/16, 15:54:48.262, 221722350411, vstest.console.dll, DataCollectionLauncher.ErrorReceivedCallback datacollector standard error line: 
TpTrace Information: 0 : 13720, 10, 2023/12/16, 15:54:48.271, 221722447203, vstest.console.dll, DataCollectionLauncher.ExitCallBack: Data collector exited with exitcode: 0 error: ''
TpTrace Verbose: 0 : 13720, 7, 2023/12/16, 15:54:48.306, 221722793408, vstest.console.dll, TestRunRequest:SendTestRunStatsChange: Starting.
TpTrace Verbose: 0 : 13720, 7, 2023/12/16, 15:54:48.306, 221722796596, vstest.console.dll, MulticastDelegateUtilities.SafeInvoke: TestRun.RunStatsChanged: Invoking callbacks was skipped because there are no subscribers.
TpTrace Information: 0 : 13720, 7, 2023/12/16, 15:54:48.306, 221722797047, vstest.console.dll, TestRunRequest:SendTestRunStatsChange: Completed.
TpTrace Verbose: 0 : 13720, 7, 2023/12/16, 15:54:48.307, 221722801942, vstest.console.dll, ParallelProxyExecutionManager: HandlePartialRunComplete: Total completed clients = 1, Run complete = True, Run canceled: False.
TpTrace Verbose: 0 : 13720, 4, 2023/12/16, 15:54:48.308, 221722814252, vstest.console.dll, MulticastDelegateUtilities.SafeInvoke: InternalTestLoggerEvents.SendTestResult: Invoking callback 1/1 for Microsoft.VisualStudio.TestPlatform.CommandLine.Internal.ConsoleLogger., took 1 ms.
TpTrace Verbose: 0 : 13720, 4, 2023/12/16, 15:54:48.308, 221722816762, vstest.console.dll, MulticastDelegateUtilities.SafeInvoke: InternalTestLoggerEvents.SendTestResult: Invoking callback 1/1 for Microsoft.VisualStudio.TestPlatform.CommandLine.Internal.ConsoleLogger., took 0 ms.
TpTrace Verbose: 0 : 13720, 4, 2023/12/16, 15:54:48.308, 221722817406, vstest.console.dll, MulticastDelegateUtilities.SafeInvoke: InternalTestLoggerEvents.SendTestResult: Invoking callback 1/1 for Microsoft.VisualStudio.TestPlatform.CommandLine.Internal.ConsoleLogger., took 0 ms.
TpTrace Verbose: 0 : 13720, 4, 2023/12/16, 15:54:48.308, 221722817864, vstest.console.dll, MulticastDelegateUtilities.SafeInvoke: InternalTestLoggerEvents.SendTestResult: Invoking callback 1/1 for Microsoft.VisualStudio.TestPlatform.CommandLine.Internal.ConsoleLogger., took 0 ms.
TpTrace Verbose: 0 : 13720, 4, 2023/12/16, 15:54:48.309, 221722818313, vstest.console.dll, MulticastDelegateUtilities.SafeInvoke: InternalTestLoggerEvents.SendTestResult: Invoking callback 1/1 for Microsoft.VisualStudio.TestPlatform.CommandLine.Internal.ConsoleLogger., took 0 ms.
TpTrace Verbose: 0 : 13720, 4, 2023/12/16, 15:54:48.309, 221722818696, vstest.console.dll, MulticastDelegateUtilities.SafeInvoke: InternalTestLoggerEvents.SendTestResult: Invoking callback 1/1 for Microsoft.VisualStudio.TestPlatform.CommandLine.Internal.ConsoleLogger., took 0 ms.
TpTrace Verbose: 0 : 13720, 4, 2023/12/16, 15:54:48.309, 221722819064, vstest.console.dll, MulticastDelegateUtilities.SafeInvoke: InternalTestLoggerEvents.SendTestResult: Invoking callback 1/1 for Microsoft.VisualStudio.TestPlatform.CommandLine.Internal.ConsoleLogger., took 0 ms.
TpTrace Verbose: 0 : 13720, 4, 2023/12/16, 15:54:48.309, 221722819589, vstest.console.dll, MulticastDelegateUtilities.SafeInvoke: InternalTestLoggerEvents.SendTestResult: Invoking callback 1/1 for Microsoft.VisualStudio.TestPlatform.CommandLine.Internal.ConsoleLogger., took 0 ms.
TpTrace Verbose: 0 : 13720, 4, 2023/12/16, 15:54:48.309, 221722819948, vstest.console.dll, MulticastDelegateUtilities.SafeInvoke: InternalTestLoggerEvents.SendTestResult: Invoking callback 1/1 for Microsoft.VisualStudio.TestPlatform.CommandLine.Internal.ConsoleLogger., took 0 ms.
TpTrace Verbose: 0 : 13720, 4, 2023/12/16, 15:54:48.317, 221722898402, vstest.console.dll, MulticastDelegateUtilities.SafeInvoke: InternalTestLoggerEvents.SendTestRunComplete: Invoking callback 1/2 for Microsoft.TestPlatform.Extensions.BlameDataCollector.BlameLogger., took 0 ms.
TpTrace Verbose: 0 : 13720, 4, 2023/12/16, 15:54:48.323, 221722959591, vstest.console.dll, MulticastDelegateUtilities.SafeInvoke: InternalTestLoggerEvents.SendTestRunComplete: Invoking callback 2/2 for Microsoft.VisualStudio.TestPlatform.CommandLine.Internal.ConsoleLogger., took 6 ms.
TpTrace Verbose: 0 : 13720, 7, 2023/12/16, 15:54:48.323, 221722963095, vstest.console.dll, TestRunRequest:TestRunComplete: Starting. IsAborted:False IsCanceled:False.
TpTrace Verbose: 0 : 13720, 7, 2023/12/16, 15:54:48.324, 221722976227, vstest.console.dll, TestLoggerManager.HandleTestRunComplete: Ignoring as the object is disposed.
TpTrace Verbose: 0 : 13720, 7, 2023/12/16, 15:54:48.325, 221722978370, vstest.console.dll, MulticastDelegateUtilities.SafeInvoke: TestRun.TestRunComplete: Invoking callback 1/2 for Microsoft.VisualStudio.TestPlatform.CommandLine.TestRunResultAggregator., took 0 ms.
TpTrace Verbose: 0 : 13720, 7, 2023/12/16, 15:54:48.325, 221722979808, vstest.console.dll, MulticastDelegateUtilities.SafeInvoke: TestRun.TestRunComplete: Invoking callback 2/2 for Microsoft.VisualStudio.TestPlatform.CommandLine.Processors.RunTestsArgumentExecutor+TestRunRequestEventsRegistrar., took 0 ms.
TpTrace Information: 0 : 13720, 7, 2023/12/16, 15:54:48.325, 221722980699, vstest.console.dll, TestRunRequest:TestRunComplete: Completed.
TpTrace Verbose: 0 : 13720, 7, 2023/12/16, 15:54:48.325, 221722981137, vstest.console.dll, TestRequestSender.SetOperationComplete: Setting operation complete.
TpTrace Verbose: 0 : 13720, 1, 2023/12/16, 15:54:48.325, 221722981390, vstest.console.dll, TestRunRequest.Dispose: Starting.
TpTrace Information: 0 : 13720, 1, 2023/12/16, 15:54:48.325, 221722982388, vstest.console.dll, TestRunRequest.Dispose: Completed.
TpTrace Information: 0 : 13720, 7, 2023/12/16, 15:54:48.325, 221722981478, vstest.console.dll, SocketServer.Stop: Stop server endPoint: 127.0.0.1:53384
TpTrace Information: 0 : 13720, 1, 2023/12/16, 15:54:48.325, 221722982820, vstest.console.dll, TestRequestManager.RunTests: run tests completed.
TpTrace Information: 0 : 13720, 7, 2023/12/16, 15:54:48.325, 221722983236, vstest.console.dll, SocketServer.Stop: Cancellation requested. Stopping message loop.
TpTrace Verbose: 0 : 13720, 7, 2023/12/16, 15:54:48.325, 221722984209, vstest.console.dll, MulticastDelegateUtilities.SafeInvoke: LengthPrefixCommunicationChannel: MessageReceived: Invoking callback 1/1 for Microsoft.VisualStudio.TestPlatform.CommunicationUtilities.TestRequestSender+<>c__DisplayClass34_0., took 138 ms.
TpTrace Information: 0 : 13720, 1, 2023/12/16, 15:54:48.325, 221722984675, vstest.console.dll, RunTestsArgumentProcessor:Execute: Test run is completed.
TpTrace Information: 0 : 13720, 7, 2023/12/16, 15:54:48.325, 221722984714, vstest.console.dll, SocketServer.PrivateStop: Stopping server endPoint: 127.0.0.1:53384 error: 
TpTrace Verbose: 0 : 13720, 1, 2023/12/16, 15:54:48.325, 221722986809, vstest.console.dll, Executor.Execute: Exiting with exit code of 0
